

Version:	3.50
CmdLine:	D:\Semaster 1.2\SWT12031 - p.oop\swing\employeeMangementSystem\out\artifacts\employeeMangementSystem_jar\spothub.exe --l4j-debug
JNI:		No
WOW64:		Yes
Working dir:	D:\Semaster 1.2\SWT12031 - p.oop\swing\employeeMangementSystem\out\artifacts\employeeMangementSystem_jar\.
Requires JDK:	No
Requires 64-Bit: No
Java min ver:	1.024.000_001
Java max ver:	
Substitute:	JAVA_HOME = 
Substitute:	PATH = C:\Program Files (x86)\Microsoft SDKs\Azure\CLI2\wbin;C:\Program Files\Common Files\Oracle\Java\javapath;C:\WINDOWS\system32;C:\WINDOWS;C:\WINDOWS\System32\Wbem;C:\WINDOWS\System32\WindowsPowerShell\v1.0\;C:\WINDOWS\System32\OpenSSH\;C:\Program Files\Git\cmd;C:\Program Files\CodeBlocks\MinGW\bin;C:\Program Files\Java\jdk-24\bin;C:\Program Files\nodejs\;C:\Program Files\dotnet\;C:\Program Files\MySQL\MySQL Shell 8.0\bin\;C:\Users\prabhath\AppData\Local\Programs\Python\Python313\Scripts\;C:\Users\prabhath\AppData\Local\Programs\Python\Python313\;C:\Users\prabhath\AppData\Local\Programs\Python\Launcher\;C:\Users\prabhath\AppData\Local\Microsoft\WindowsApps;C:\Program Files\JetBrains\PyCharm Community Edition 2024.3.1.1\bin;;C:\gcc-14.2.0-no-debug\bin;C:\Program Files\CodeBlocks\MinGW\bin;C:\MinGW\bin;C:\Program Files\JetBrains\PyCharm 2025.1\bin;;C:\Program Files\JetBrains\IntelliJ IDEA 2025.1.3\bin;;C:\Users\prabhath\AppData\Roaming\npm;C:\Users\prabhath\AppData\Local\Programs\Microsoft VS Code\bin;;C:\Program Files\Java\jdk-24\bin
JRE paths:	;C:\Program Files (x86)\Microsoft SDKs\Azure\CLI2\wbin;C:\Program Files\Common Files\Oracle\Java\javapath;C:\WINDOWS\system32;C:\WINDOWS;C:\WINDOWS\System32\Wbem;C:\WINDOWS\System32\WindowsPowerShell\v1.0\;C:\WINDOWS\System32\OpenSSH\;C:\Program Files\Git\cmd;C:\Program Files\CodeBlocks\MinGW\bin;C:\Program Files\Java\jdk-24\bin;C:\Program Files\nodejs\;C:\Program Files\dotnet\;C:\Program Files\MySQL\MySQL Shell 8.0\bin\;C:\Users\prabhath\AppData\Local\Programs\Python\Python313\Scripts\;C:\Users\prabhath\AppData\Local\Programs\Python\Python313\;C:\Users\prabhath\AppData\Local\Programs\Python\Launcher\;C:\Users\prabhath\AppData\Local\Microsoft\WindowsApps;C:\Program Files\JetBrains\PyCharm Community Edition 2024.3.1.1\bin;;C:\gcc-14.2.0-no-debug\bin;C:\Program Files\CodeBlocks\MinGW\bin;C:\MinGW\bin;C:\Program Files\JetBrains\PyCharm 2025.1\bin;;C:\Program Files\JetBrains\IntelliJ IDEA 2025.1.3\bin;;C:\Users\prabhath\AppData\Roaming\npm;C:\Users\prabhath\AppData\Local\Programs\Microsoft VS Code\bin;;C:\Program Files\Java\jdk-24\bin
Check launcher:	C:\Program Files (x86)\Microsoft SDKs\Azure\CLI2\wbin\bin\javaw.exe (not found)
Check launcher:	C:\Program Files\Common Files\Oracle\Java\javapath\bin\javaw.exe (not found)
Check launcher:	C:\WINDOWS\system32\bin\javaw.exe (not found)
Check launcher:	C:\WINDOWS\bin\javaw.exe (not found)
Check launcher:	C:\WINDOWS\System32\Wbem\bin\javaw.exe (not found)
Check launcher:	C:\WINDOWS\System32\WindowsPowerShell\v1.0\bin\javaw.exe (not found)
Check launcher:	C:\WINDOWS\System32\OpenSSH\bin\javaw.exe (not found)
Check launcher:	C:\Program Files\Git\cmd\bin\javaw.exe (not found)
Check launcher:	C:\Program Files\CodeBlocks\MinGW\bin\javaw.exe (not found)
Check launcher:	C:\Program Files\Java\jdk-24\bin\javaw.exe (OK)
Version string: 1.024.000_001 / 64-Bit (OK)
Launcher:	C:\Program Files\Java\jdk-24\bin\javaw.exe
Launcher args:	-jar "D:\Semaster 1.2\SWT12031 - p.oop\swing\employeeMangementSystem\out\artifacts\employeeMangementSystem_jar\spothub.exe"
Args length:	123/32768 chars
Exit code:	0


Version:	3.50
CmdLine:	D:\Semaster 1.2\SWT12031 - p.oop\swing\employeeMangementSystem\out\artifacts\employeeMangementSystem_jar\spothub.exe --l4j-debug
JNI:		No
WOW64:		Yes
Working dir:	D:\Semaster 1.2\SWT12031 - p.oop\swing\employeeMangementSystem\out\artifacts\employeeMangementSystem_jar\.
Requires JDK:	No
Requires 64-Bit: No
Java min ver:	1.024.000_001
Java max ver:	
Substitute:	JAVA_HOME = 
Substitute:	PATH = C:\Program Files (x86)\Microsoft SDKs\Azure\CLI2\wbin;C:\Program Files\Common Files\Oracle\Java\javapath;C:\WINDOWS\system32;C:\WINDOWS;C:\WINDOWS\System32\Wbem;C:\WINDOWS\System32\WindowsPowerShell\v1.0\;C:\WINDOWS\System32\OpenSSH\;C:\Program Files\Git\cmd;C:\Program Files\CodeBlocks\MinGW\bin;C:\Program Files\Java\jdk-24\bin;C:\Program Files\nodejs\;C:\Program Files\dotnet\;C:\Program Files\MySQL\MySQL Shell 8.0\bin\;C:\Users\prabhath\AppData\Local\Programs\Python\Python313\Scripts\;C:\Users\prabhath\AppData\Local\Programs\Python\Python313\;C:\Users\prabhath\AppData\Local\Programs\Python\Launcher\;C:\Users\prabhath\AppData\Local\Microsoft\WindowsApps;C:\Program Files\JetBrains\PyCharm Community Edition 2024.3.1.1\bin;;C:\gcc-14.2.0-no-debug\bin;C:\Program Files\CodeBlocks\MinGW\bin;C:\MinGW\bin;C:\Program Files\JetBrains\PyCharm 2025.1\bin;;C:\Program Files\JetBrains\IntelliJ IDEA 2025.1.3\bin;;C:\Users\prabhath\AppData\Roaming\npm;C:\Users\prabhath\AppData\Local\Programs\Microsoft VS Code\bin;;C:\Program Files\Java\jdk-24\bin
JRE paths:	;C:\Program Files (x86)\Microsoft SDKs\Azure\CLI2\wbin;C:\Program Files\Common Files\Oracle\Java\javapath;C:\WINDOWS\system32;C:\WINDOWS;C:\WINDOWS\System32\Wbem;C:\WINDOWS\System32\WindowsPowerShell\v1.0\;C:\WINDOWS\System32\OpenSSH\;C:\Program Files\Git\cmd;C:\Program Files\CodeBlocks\MinGW\bin;C:\Program Files\Java\jdk-24\bin;C:\Program Files\nodejs\;C:\Program Files\dotnet\;C:\Program Files\MySQL\MySQL Shell 8.0\bin\;C:\Users\prabhath\AppData\Local\Programs\Python\Python313\Scripts\;C:\Users\prabhath\AppData\Local\Programs\Python\Python313\;C:\Users\prabhath\AppData\Local\Programs\Python\Launcher\;C:\Users\prabhath\AppData\Local\Microsoft\WindowsApps;C:\Program Files\JetBrains\PyCharm Community Edition 2024.3.1.1\bin;;C:\gcc-14.2.0-no-debug\bin;C:\Program Files\CodeBlocks\MinGW\bin;C:\MinGW\bin;C:\Program Files\JetBrains\PyCharm 2025.1\bin;;C:\Program Files\JetBrains\IntelliJ IDEA 2025.1.3\bin;;C:\Users\prabhath\AppData\Roaming\npm;C:\Users\prabhath\AppData\Local\Programs\Microsoft VS Code\bin;;C:\Program Files\Java\jdk-24\bin
Check launcher:	C:\Program Files (x86)\Microsoft SDKs\Azure\CLI2\wbin\bin\javaw.exe (not found)
Check launcher:	C:\Program Files\Common Files\Oracle\Java\javapath\bin\javaw.exe (not found)
Check launcher:	C:\WINDOWS\system32\bin\javaw.exe (not found)
Check launcher:	C:\WINDOWS\bin\javaw.exe (not found)
Check launcher:	C:\WINDOWS\System32\Wbem\bin\javaw.exe (not found)
Check launcher:	C:\WINDOWS\System32\WindowsPowerShell\v1.0\bin\javaw.exe (not found)
Check launcher:	C:\WINDOWS\System32\OpenSSH\bin\javaw.exe (not found)
Check launcher:	C:\Program Files\Git\cmd\bin\javaw.exe (not found)
Check launcher:	C:\Program Files\CodeBlocks\MinGW\bin\javaw.exe (not found)
Check launcher:	C:\Program Files\Java\jdk-24\bin\javaw.exe (OK)
Version string: 1.024.000_001 / 64-Bit (OK)
Launcher:	C:\Program Files\Java\jdk-24\bin\javaw.exe
Launcher args:	-jar "D:\Semaster 1.2\SWT12031 - p.oop\swing\employeeMangementSystem\out\artifacts\employeeMangementSystem_jar\spothub.exe"
Args length:	123/32768 chars
Exit code:	0


Version:	3.50
CmdLine:	D:\Semaster 1.2\SWT12031 - p.oop\swing\employeeMangementSystem\out\artifacts\employeeMangementSystem_jar\spothub.exe --l4j-debug
JNI:		No
WOW64:		Yes
Working dir:	D:\Semaster 1.2\SWT12031 - p.oop\swing\employeeMangementSystem\out\artifacts\employeeMangementSystem_jar\.
Requires JDK:	No
Requires 64-Bit: No
Java min ver:	1.024.000_001
Java max ver:	
Substitute:	JAVA_HOME = 
Substitute:	PATH = C:\Program Files (x86)\Microsoft SDKs\Azure\CLI2\wbin;C:\Program Files\Common Files\Oracle\Java\javapath;C:\WINDOWS\system32;C:\WINDOWS;C:\WINDOWS\System32\Wbem;C:\WINDOWS\System32\WindowsPowerShell\v1.0\;C:\WINDOWS\System32\OpenSSH\;C:\Program Files\Git\cmd;C:\Program Files\CodeBlocks\MinGW\bin;C:\Program Files\Java\jdk-24\bin;C:\Program Files\nodejs\;C:\Program Files\dotnet\;C:\Program Files\MySQL\MySQL Shell 8.0\bin\;C:\Users\prabhath\AppData\Local\Programs\Python\Python313\Scripts\;C:\Users\prabhath\AppData\Local\Programs\Python\Python313\;C:\Users\prabhath\AppData\Local\Programs\Python\Launcher\;C:\Users\prabhath\AppData\Local\Microsoft\WindowsApps;C:\Program Files\JetBrains\PyCharm Community Edition 2024.3.1.1\bin;;C:\gcc-14.2.0-no-debug\bin;C:\Program Files\CodeBlocks\MinGW\bin;C:\MinGW\bin;C:\Program Files\JetBrains\PyCharm 2025.1\bin;;C:\Program Files\JetBrains\IntelliJ IDEA 2025.1.3\bin;;C:\Users\prabhath\AppData\Roaming\npm;C:\Users\prabhath\AppData\Local\Programs\Microsoft VS Code\bin;;C:\Program Files\Java\jdk-24\bin
JRE paths:	;C:\Program Files (x86)\Microsoft SDKs\Azure\CLI2\wbin;C:\Program Files\Common Files\Oracle\Java\javapath;C:\WINDOWS\system32;C:\WINDOWS;C:\WINDOWS\System32\Wbem;C:\WINDOWS\System32\WindowsPowerShell\v1.0\;C:\WINDOWS\System32\OpenSSH\;C:\Program Files\Git\cmd;C:\Program Files\CodeBlocks\MinGW\bin;C:\Program Files\Java\jdk-24\bin;C:\Program Files\nodejs\;C:\Program Files\dotnet\;C:\Program Files\MySQL\MySQL Shell 8.0\bin\;C:\Users\prabhath\AppData\Local\Programs\Python\Python313\Scripts\;C:\Users\prabhath\AppData\Local\Programs\Python\Python313\;C:\Users\prabhath\AppData\Local\Programs\Python\Launcher\;C:\Users\prabhath\AppData\Local\Microsoft\WindowsApps;C:\Program Files\JetBrains\PyCharm Community Edition 2024.3.1.1\bin;;C:\gcc-14.2.0-no-debug\bin;C:\Program Files\CodeBlocks\MinGW\bin;C:\MinGW\bin;C:\Program Files\JetBrains\PyCharm 2025.1\bin;;C:\Program Files\JetBrains\IntelliJ IDEA 2025.1.3\bin;;C:\Users\prabhath\AppData\Roaming\npm;C:\Users\prabhath\AppData\Local\Programs\Microsoft VS Code\bin;;C:\Program Files\Java\jdk-24\bin
Check launcher:	C:\Program Files (x86)\Microsoft SDKs\Azure\CLI2\wbin\bin\javaw.exe (not found)
Check launcher:	C:\Program Files\Common Files\Oracle\Java\javapath\bin\javaw.exe (not found)
Check launcher:	C:\WINDOWS\system32\bin\javaw.exe (not found)
Check launcher:	C:\WINDOWS\bin\javaw.exe (not found)
Check launcher:	C:\WINDOWS\System32\Wbem\bin\javaw.exe (not found)
Check launcher:	C:\WINDOWS\System32\WindowsPowerShell\v1.0\bin\javaw.exe (not found)
Check launcher:	C:\WINDOWS\System32\OpenSSH\bin\javaw.exe (not found)
Check launcher:	C:\Program Files\Git\cmd\bin\javaw.exe (not found)
Check launcher:	C:\Program Files\CodeBlocks\MinGW\bin\javaw.exe (not found)
Check launcher:	C:\Program Files\Java\jdk-24\bin\javaw.exe (OK)
Version string: 1.024.000_001 / 64-Bit (OK)
Launcher:	C:\Program Files\Java\jdk-24\bin\javaw.exe
Launcher args:	-jar "D:\Semaster 1.2\SWT12031 - p.oop\swing\employeeMangementSystem\out\artifacts\employeeMangementSystem_jar\spothub.exe"
Args length:	123/32768 chars
Exit code:	0


Version:	3.50
CmdLine:	D:\Semaster 1.2\SWT12031 - p.oop\swing\employeeMangementSystem\out\artifacts\employeeMangementSystem_jar\spothub.exe --l4j-debug
JNI:		No
WOW64:		Yes
Working dir:	D:\Semaster 1.2\SWT12031 - p.oop\swing\employeeMangementSystem\out\artifacts\employeeMangementSystem_jar\.
Requires JDK:	No
Requires 64-Bit: No
Java min ver:	1.024.000_001
Java max ver:	
Substitute:	JAVA_HOME = 
Substitute:	PATH = C:\Program Files (x86)\Microsoft SDKs\Azure\CLI2\wbin;C:\Program Files\Common Files\Oracle\Java\javapath;C:\WINDOWS\system32;C:\WINDOWS;C:\WINDOWS\System32\Wbem;C:\WINDOWS\System32\WindowsPowerShell\v1.0\;C:\WINDOWS\System32\OpenSSH\;C:\Program Files\Git\cmd;C:\Program Files\CodeBlocks\MinGW\bin;C:\Program Files\Java\jdk-24\bin;C:\Program Files\nodejs\;C:\Program Files\dotnet\;C:\Program Files\MySQL\MySQL Shell 8.0\bin\;C:\Users\prabhath\AppData\Local\Programs\Python\Python313\Scripts\;C:\Users\prabhath\AppData\Local\Programs\Python\Python313\;C:\Users\prabhath\AppData\Local\Programs\Python\Launcher\;C:\Users\prabhath\AppData\Local\Microsoft\WindowsApps;C:\Program Files\JetBrains\PyCharm Community Edition 2024.3.1.1\bin;;C:\gcc-14.2.0-no-debug\bin;C:\Program Files\CodeBlocks\MinGW\bin;C:\MinGW\bin;C:\Program Files\JetBrains\PyCharm 2025.1\bin;;C:\Program Files\JetBrains\IntelliJ IDEA 2025.1.3\bin;;C:\Users\prabhath\AppData\Roaming\npm;C:\Users\prabhath\AppData\Local\Programs\Microsoft VS Code\bin;;C:\Program Files\Java\jdk-24\bin
JRE paths:	;C:\Program Files (x86)\Microsoft SDKs\Azure\CLI2\wbin;C:\Program Files\Common Files\Oracle\Java\javapath;C:\WINDOWS\system32;C:\WINDOWS;C:\WINDOWS\System32\Wbem;C:\WINDOWS\System32\WindowsPowerShell\v1.0\;C:\WINDOWS\System32\OpenSSH\;C:\Program Files\Git\cmd;C:\Program Files\CodeBlocks\MinGW\bin;C:\Program Files\Java\jdk-24\bin;C:\Program Files\nodejs\;C:\Program Files\dotnet\;C:\Program Files\MySQL\MySQL Shell 8.0\bin\;C:\Users\prabhath\AppData\Local\Programs\Python\Python313\Scripts\;C:\Users\prabhath\AppData\Local\Programs\Python\Python313\;C:\Users\prabhath\AppData\Local\Programs\Python\Launcher\;C:\Users\prabhath\AppData\Local\Microsoft\WindowsApps;C:\Program Files\JetBrains\PyCharm Community Edition 2024.3.1.1\bin;;C:\gcc-14.2.0-no-debug\bin;C:\Program Files\CodeBlocks\MinGW\bin;C:\MinGW\bin;C:\Program Files\JetBrains\PyCharm 2025.1\bin;;C:\Program Files\JetBrains\IntelliJ IDEA 2025.1.3\bin;;C:\Users\prabhath\AppData\Roaming\npm;C:\Users\prabhath\AppData\Local\Programs\Microsoft VS Code\bin;;C:\Program Files\Java\jdk-24\bin
Check launcher:	C:\Program Files (x86)\Microsoft SDKs\Azure\CLI2\wbin\bin\javaw.exe (not found)
Check launcher:	C:\Program Files\Common Files\Oracle\Java\javapath\bin\javaw.exe (not found)
Check launcher:	C:\WINDOWS\system32\bin\javaw.exe (not found)
Check launcher:	C:\WINDOWS\bin\javaw.exe (not found)
Check launcher:	C:\WINDOWS\System32\Wbem\bin\javaw.exe (not found)
Check launcher:	C:\WINDOWS\System32\WindowsPowerShell\v1.0\bin\javaw.exe (not found)
Check launcher:	C:\WINDOWS\System32\OpenSSH\bin\javaw.exe (not found)
Check launcher:	C:\Program Files\Git\cmd\bin\javaw.exe (not found)
Check launcher:	C:\Program Files\CodeBlocks\MinGW\bin\javaw.exe (not found)
Check launcher:	C:\Program Files\Java\jdk-24\bin\javaw.exe (OK)
Version string: 1.024.000_001 / 64-Bit (OK)
Launcher:	C:\Program Files\Java\jdk-24\bin\javaw.exe
Launcher args:	-jar "D:\Semaster 1.2\SWT12031 - p.oop\swing\employeeMangementSystem\out\artifacts\employeeMangementSystem_jar\spothub.exe"
Args length:	123/32768 chars
Exit code:	0


Version:	3.50
CmdLine:	D:\Semaster 1.2\SWT12031 - p.oop\swing\employeeMangementSystem\out\artifacts\employeeMangementSystem_jar\spothub.exe --l4j-debug
JNI:		No
WOW64:		Yes
Working dir:	D:\Semaster 1.2\SWT12031 - p.oop\swing\employeeMangementSystem\out\artifacts\employeeMangementSystem_jar\.
Requires JDK:	No
Requires 64-Bit: No
Java min ver:	1.024.000_001
Java max ver:	
Substitute:	JAVA_HOME = 
Substitute:	PATH = C:\Program Files (x86)\Microsoft SDKs\Azure\CLI2\wbin;C:\Program Files\Common Files\Oracle\Java\javapath;C:\WINDOWS\system32;C:\WINDOWS;C:\WINDOWS\System32\Wbem;C:\WINDOWS\System32\WindowsPowerShell\v1.0\;C:\WINDOWS\System32\OpenSSH\;C:\Program Files\Git\cmd;C:\Program Files\CodeBlocks\MinGW\bin;C:\Program Files\Java\jdk-24\bin;C:\Program Files\nodejs\;C:\Program Files\dotnet\;C:\Program Files\MySQL\MySQL Shell 8.0\bin\;C:\Users\prabhath\AppData\Local\Programs\Python\Python313\Scripts\;C:\Users\prabhath\AppData\Local\Programs\Python\Python313\;C:\Users\prabhath\AppData\Local\Programs\Python\Launcher\;C:\Users\prabhath\AppData\Local\Microsoft\WindowsApps;C:\Program Files\JetBrains\PyCharm Community Edition 2024.3.1.1\bin;;C:\gcc-14.2.0-no-debug\bin;C:\Program Files\CodeBlocks\MinGW\bin;C:\MinGW\bin;C:\Program Files\JetBrains\PyCharm 2025.1\bin;;C:\Program Files\JetBrains\IntelliJ IDEA 2025.1.3\bin;;C:\Users\prabhath\AppData\Roaming\npm;C:\Users\prabhath\AppData\Local\Programs\Microsoft VS Code\bin;;C:\Program Files\Java\jdk-24\bin
JRE paths:	;C:\Program Files (x86)\Microsoft SDKs\Azure\CLI2\wbin;C:\Program Files\Common Files\Oracle\Java\javapath;C:\WINDOWS\system32;C:\WINDOWS;C:\WINDOWS\System32\Wbem;C:\WINDOWS\System32\WindowsPowerShell\v1.0\;C:\WINDOWS\System32\OpenSSH\;C:\Program Files\Git\cmd;C:\Program Files\CodeBlocks\MinGW\bin;C:\Program Files\Java\jdk-24\bin;C:\Program Files\nodejs\;C:\Program Files\dotnet\;C:\Program Files\MySQL\MySQL Shell 8.0\bin\;C:\Users\prabhath\AppData\Local\Programs\Python\Python313\Scripts\;C:\Users\prabhath\AppData\Local\Programs\Python\Python313\;C:\Users\prabhath\AppData\Local\Programs\Python\Launcher\;C:\Users\prabhath\AppData\Local\Microsoft\WindowsApps;C:\Program Files\JetBrains\PyCharm Community Edition 2024.3.1.1\bin;;C:\gcc-14.2.0-no-debug\bin;C:\Program Files\CodeBlocks\MinGW\bin;C:\MinGW\bin;C:\Program Files\JetBrains\PyCharm 2025.1\bin;;C:\Program Files\JetBrains\IntelliJ IDEA 2025.1.3\bin;;C:\Users\prabhath\AppData\Roaming\npm;C:\Users\prabhath\AppData\Local\Programs\Microsoft VS Code\bin;;C:\Program Files\Java\jdk-24\bin
Check launcher:	C:\Program Files (x86)\Microsoft SDKs\Azure\CLI2\wbin\bin\javaw.exe (not found)
Check launcher:	C:\Program Files\Common Files\Oracle\Java\javapath\bin\javaw.exe (not found)
Check launcher:	C:\WINDOWS\system32\bin\javaw.exe (not found)
Check launcher:	C:\WINDOWS\bin\javaw.exe (not found)
Check launcher:	C:\WINDOWS\System32\Wbem\bin\javaw.exe (not found)
Check launcher:	C:\WINDOWS\System32\WindowsPowerShell\v1.0\bin\javaw.exe (not found)
Check launcher:	C:\WINDOWS\System32\OpenSSH\bin\javaw.exe (not found)
Check launcher:	C:\Program Files\Git\cmd\bin\javaw.exe (not found)
Check launcher:	C:\Program Files\CodeBlocks\MinGW\bin\javaw.exe (not found)
Check launcher:	C:\Program Files\Java\jdk-24\bin\javaw.exe (OK)
Version string: 1.024.000_001 / 64-Bit (OK)
Launcher:	C:\Program Files\Java\jdk-24\bin\javaw.exe
Launcher args:	-jar "D:\Semaster 1.2\SWT12031 - p.oop\swing\employeeMangementSystem\out\artifacts\employeeMangementSystem_jar\spothub.exe"
Args length:	123/32768 chars
Exit code:	0


Version:	3.50
CmdLine:	D:\Semaster 1.2\SWT12031 - p.oop\swing\employeeMangementSystem\out\artifacts\employeeMangementSystem_jar\spothub.exe --l4j-debug
JNI:		No
WOW64:		Yes
Working dir:	D:\Semaster 1.2\SWT12031 - p.oop\swing\employeeMangementSystem\out\artifacts\employeeMangementSystem_jar\.
Requires JDK:	No
Requires 64-Bit: No
Java min ver:	1.024.000_001
Java max ver:	
Substitute:	JAVA_HOME = 
Substitute:	PATH = C:\Program Files (x86)\Microsoft SDKs\Azure\CLI2\wbin;C:\Program Files\Common Files\Oracle\Java\javapath;C:\Program Files (x86)\Common Files\Oracle\Java\java8path;C:\Program Files (x86)\Common Files\Oracle\Java\javapath;C:\WINDOWS\system32;C:\WINDOWS;C:\WINDOWS\System32\Wbem;C:\WINDOWS\System32\WindowsPowerShell\v1.0\;C:\WINDOWS\System32\OpenSSH\;C:\Program Files\Git\cmd;C:\Program Files\CodeBlocks\MinGW\bin;C:\Program Files\Java\jdk-24\bin;C:\Program Files\nodejs\;C:\Program Files\dotnet\;C:\Program Files\MySQL\MySQL Shell 8.0\bin\;C:\Users\prabhath\AppData\Local\Programs\Python\Python313\Scripts\;C:\Users\prabhath\AppData\Local\Programs\Python\Python313\;C:\Users\prabhath\AppData\Local\Programs\Python\Launcher\;C:\Users\prabhath\AppData\Local\Microsoft\WindowsApps;C:\Program Files\JetBrains\PyCharm Community Edition 2024.3.1.1\bin;;C:\gcc-14.2.0-no-debug\bin;C:\Program Files\CodeBlocks\MinGW\bin;C:\MinGW\bin;C:\Program Files\JetBrains\PyCharm 2025.1\bin;;C:\Program Files\JetBrains\IntelliJ IDEA 2025.1.3\bin;;C:\Users\prabhath\AppData\Roaming\npm;C:\Users\prabhath\AppData\Local\Programs\Microsoft VS Code\bin;;C:\Program Files\Java\jdk-24\bin
JRE paths:	;C:\Program Files (x86)\Microsoft SDKs\Azure\CLI2\wbin;C:\Program Files\Common Files\Oracle\Java\javapath;C:\Program Files (x86)\Common Files\Oracle\Java\java8path;C:\Program Files (x86)\Common Files\Oracle\Java\javapath;C:\WINDOWS\system32;C:\WINDOWS;C:\WINDOWS\System32\Wbem;C:\WINDOWS\System32\WindowsPowerShell\v1.0\;C:\WINDOWS\System32\OpenSSH\;C:\Program Files\Git\cmd;C:\Program Files\CodeBlocks\MinGW\bin;C:\Program Files\Java\jdk-24\bin;C:\Program Files\nodejs\;C:\Program Files\dotnet\;C:\Program Files\MySQL\MySQL Shell 8.0\bin\;C:\Users\prabhath\AppData\Local\Programs\Python\Python313\Scripts\;C:\Users\prabhath\AppData\Local\Programs\Python\Python313\;C:\Users\prabhath\AppData\Local\Programs\Python\Launcher\;C:\Users\prabhath\AppData\Local\Microsoft\WindowsApps;C:\Program Files\JetBrains\PyCharm Community Edition 2024.3.1.1\bin;;C:\gcc-14.2.0-no-debug\bin;C:\Program Files\CodeBlocks\MinGW\bin;C:\MinGW\bin;C:\Program Files\JetBrains\PyCharm 2025.1\bin;;C:\Program Files\JetBrains\IntelliJ IDEA 2025.1.3\bin;;C:\Users\prabhath\AppData\Roaming\npm;C:\Users\prabhath\AppData\Local\Programs\Microsoft VS Code\bin;;C:\Program Files\Java\jdk-24\bin
Check launcher:	C:\Program Files (x86)\Microsoft SDKs\Azure\CLI2\wbin\bin\javaw.exe (not found)
Check launcher:	C:\Program Files\Common Files\Oracle\Java\javapath\bin\javaw.exe (not found)
Check launcher:	C:\Program Files (x86)\Common Files\Oracle\Java\java8path\bin\javaw.exe (not found)
Check launcher:	C:\Program Files (x86)\Common Files\Oracle\Java\javapath\bin\javaw.exe (not found)
Check launcher:	C:\WINDOWS\system32\bin\javaw.exe (not found)
Check launcher:	C:\WINDOWS\bin\javaw.exe (not found)
Check launcher:	C:\WINDOWS\System32\Wbem\bin\javaw.exe (not found)
Check launcher:	C:\WINDOWS\System32\WindowsPowerShell\v1.0\bin\javaw.exe (not found)
Check launcher:	C:\WINDOWS\System32\OpenSSH\bin\javaw.exe (not found)
Check launcher:	C:\Program Files\Git\cmd\bin\javaw.exe (not found)
Check launcher:	C:\Program Files\CodeBlocks\MinGW\bin\javaw.exe (not found)
Check launcher:	C:\Program Files\Java\jdk-24\bin\javaw.exe (OK)
Version string: 1.024.000_001 / 64-Bit (OK)
Launcher:	C:\Program Files\Java\jdk-24\bin\javaw.exe
Launcher args:	-jar "D:\Semaster 1.2\SWT12031 - p.oop\swing\employeeMangementSystem\out\artifacts\employeeMangementSystem_jar\spothub.exe"
Args length:	123/32768 chars
Exit code:	0


Version:	3.50
CmdLine:	D:\Semaster 1.2\SWT12031 - p.oop\swing\employeeMangementSystem\out\artifacts\employeeMangementSystem_jar\spothub.exe --l4j-debug
JNI:		No
WOW64:		Yes
Working dir:	D:\Semaster 1.2\SWT12031 - p.oop\swing\employeeMangementSystem\out\artifacts\employeeMangementSystem_jar\.
Requires JDK:	No
Requires 64-Bit: No
Java min ver:	1.024.000_001
Java max ver:	
Substitute:	JAVA_HOME = 
Substitute:	PATH = C:\Program Files (x86)\Microsoft SDKs\Azure\CLI2\wbin;C:\Program Files\Common Files\Oracle\Java\javapath;C:\Program Files (x86)\Common Files\Oracle\Java\java8path;C:\Program Files (x86)\Common Files\Oracle\Java\javapath;C:\WINDOWS\system32;C:\WINDOWS;C:\WINDOWS\System32\Wbem;C:\WINDOWS\System32\WindowsPowerShell\v1.0\;C:\WINDOWS\System32\OpenSSH\;C:\Program Files\Git\cmd;C:\Program Files\CodeBlocks\MinGW\bin;C:\Program Files\Java\jdk-24\bin;C:\Program Files\nodejs\;C:\Program Files\dotnet\;C:\Program Files\MySQL\MySQL Shell 8.0\bin\;C:\Users\prabhath\AppData\Local\Programs\Python\Python313\Scripts\;C:\Users\prabhath\AppData\Local\Programs\Python\Python313\;C:\Users\prabhath\AppData\Local\Programs\Python\Launcher\;C:\Users\prabhath\AppData\Local\Microsoft\WindowsApps;C:\Program Files\JetBrains\PyCharm Community Edition 2024.3.1.1\bin;;C:\gcc-14.2.0-no-debug\bin;C:\Program Files\CodeBlocks\MinGW\bin;C:\MinGW\bin;C:\Program Files\JetBrains\PyCharm 2025.1\bin;;C:\Program Files\JetBrains\IntelliJ IDEA 2025.1.3\bin;;C:\Users\prabhath\AppData\Roaming\npm;C:\Users\prabhath\AppData\Local\Programs\Microsoft VS Code\bin;;C:\Program Files\Java\jdk-24\bin
JRE paths:	;C:\Program Files (x86)\Microsoft SDKs\Azure\CLI2\wbin;C:\Program Files\Common Files\Oracle\Java\javapath;C:\Program Files (x86)\Common Files\Oracle\Java\java8path;C:\Program Files (x86)\Common Files\Oracle\Java\javapath;C:\WINDOWS\system32;C:\WINDOWS;C:\WINDOWS\System32\Wbem;C:\WINDOWS\System32\WindowsPowerShell\v1.0\;C:\WINDOWS\System32\OpenSSH\;C:\Program Files\Git\cmd;C:\Program Files\CodeBlocks\MinGW\bin;C:\Program Files\Java\jdk-24\bin;C:\Program Files\nodejs\;C:\Program Files\dotnet\;C:\Program Files\MySQL\MySQL Shell 8.0\bin\;C:\Users\prabhath\AppData\Local\Programs\Python\Python313\Scripts\;C:\Users\prabhath\AppData\Local\Programs\Python\Python313\;C:\Users\prabhath\AppData\Local\Programs\Python\Launcher\;C:\Users\prabhath\AppData\Local\Microsoft\WindowsApps;C:\Program Files\JetBrains\PyCharm Community Edition 2024.3.1.1\bin;;C:\gcc-14.2.0-no-debug\bin;C:\Program Files\CodeBlocks\MinGW\bin;C:\MinGW\bin;C:\Program Files\JetBrains\PyCharm 2025.1\bin;;C:\Program Files\JetBrains\IntelliJ IDEA 2025.1.3\bin;;C:\Users\prabhath\AppData\Roaming\npm;C:\Users\prabhath\AppData\Local\Programs\Microsoft VS Code\bin;;C:\Program Files\Java\jdk-24\bin
Check launcher:	C:\Program Files (x86)\Microsoft SDKs\Azure\CLI2\wbin\bin\javaw.exe (not found)
Check launcher:	C:\Program Files\Common Files\Oracle\Java\javapath\bin\javaw.exe (not found)
Check launcher:	C:\Program Files (x86)\Common Files\Oracle\Java\java8path\bin\javaw.exe (not found)
Check launcher:	C:\Program Files (x86)\Common Files\Oracle\Java\javapath\bin\javaw.exe (not found)
Check launcher:	C:\WINDOWS\system32\bin\javaw.exe (not found)
Check launcher:	C:\WINDOWS\bin\javaw.exe (not found)
Check launcher:	C:\WINDOWS\System32\Wbem\bin\javaw.exe (not found)
Check launcher:	C:\WINDOWS\System32\WindowsPowerShell\v1.0\bin\javaw.exe (not found)
Check launcher:	C:\WINDOWS\System32\OpenSSH\bin\javaw.exe (not found)
Check launcher:	C:\Program Files\Git\cmd\bin\javaw.exe (not found)
Check launcher:	C:\Program Files\CodeBlocks\MinGW\bin\javaw.exe (not found)
Check launcher:	C:\Program Files\Java\jdk-24\bin\javaw.exe (OK)
Version string: 1.024.000_001 / 64-Bit (OK)
Launcher:	C:\Program Files\Java\jdk-24\bin\javaw.exe
Launcher args:	-jar "D:\Semaster 1.2\SWT12031 - p.oop\swing\employeeMangementSystem\out\artifacts\employeeMangementSystem_jar\spothub.exe"
Args length:	123/32768 chars
Exit code:	0


Version:	3.50
CmdLine:	D:\Semaster 1.2\SWT12031 - p.oop\swing\employeeMangementSystem\out\artifacts\employeeMangementSystem_jar\spothub.exe --l4j-debug
JNI:		No
WOW64:		Yes
Working dir:	D:\Semaster 1.2\SWT12031 - p.oop\swing\employeeMangementSystem\out\artifacts\employeeMangementSystem_jar\.
Requires JDK:	No
Requires 64-Bit: No
Java min ver:	1.024.000_001
Java max ver:	
Substitute:	JAVA_HOME = 
Substitute:	PATH = C:\Program Files (x86)\Microsoft SDKs\Azure\CLI2\wbin;C:\Program Files\Common Files\Oracle\Java\javapath;C:\Program Files (x86)\Common Files\Oracle\Java\java8path;C:\Program Files (x86)\Common Files\Oracle\Java\javapath;C:\WINDOWS\system32;C:\WINDOWS;C:\WINDOWS\System32\Wbem;C:\WINDOWS\System32\WindowsPowerShell\v1.0\;C:\WINDOWS\System32\OpenSSH\;C:\Program Files\Git\cmd;C:\Program Files\CodeBlocks\MinGW\bin;C:\Program Files\Java\jdk-24\bin;C:\Program Files\nodejs\;C:\Program Files\dotnet\;C:\Program Files\MySQL\MySQL Shell 8.0\bin\;C:\Users\prabhath\AppData\Local\Programs\Python\Python313\Scripts\;C:\Users\prabhath\AppData\Local\Programs\Python\Python313\;C:\Users\prabhath\AppData\Local\Programs\Python\Launcher\;C:\Users\prabhath\AppData\Local\Microsoft\WindowsApps;C:\Program Files\JetBrains\PyCharm Community Edition 2024.3.1.1\bin;;C:\gcc-14.2.0-no-debug\bin;C:\Program Files\CodeBlocks\MinGW\bin;C:\MinGW\bin;C:\Program Files\JetBrains\PyCharm 2025.1\bin;;C:\Program Files\JetBrains\IntelliJ IDEA 2025.1.3\bin;;C:\Users\prabhath\AppData\Roaming\npm;C:\Users\prabhath\AppData\Local\Programs\Microsoft VS Code\bin;;C:\Program Files\Java\jdk-24\bin
JRE paths:	;C:\Program Files (x86)\Microsoft SDKs\Azure\CLI2\wbin;C:\Program Files\Common Files\Oracle\Java\javapath;C:\Program Files (x86)\Common Files\Oracle\Java\java8path;C:\Program Files (x86)\Common Files\Oracle\Java\javapath;C:\WINDOWS\system32;C:\WINDOWS;C:\WINDOWS\System32\Wbem;C:\WINDOWS\System32\WindowsPowerShell\v1.0\;C:\WINDOWS\System32\OpenSSH\;C:\Program Files\Git\cmd;C:\Program Files\CodeBlocks\MinGW\bin;C:\Program Files\Java\jdk-24\bin;C:\Program Files\nodejs\;C:\Program Files\dotnet\;C:\Program Files\MySQL\MySQL Shell 8.0\bin\;C:\Users\prabhath\AppData\Local\Programs\Python\Python313\Scripts\;C:\Users\prabhath\AppData\Local\Programs\Python\Python313\;C:\Users\prabhath\AppData\Local\Programs\Python\Launcher\;C:\Users\prabhath\AppData\Local\Microsoft\WindowsApps;C:\Program Files\JetBrains\PyCharm Community Edition 2024.3.1.1\bin;;C:\gcc-14.2.0-no-debug\bin;C:\Program Files\CodeBlocks\MinGW\bin;C:\MinGW\bin;C:\Program Files\JetBrains\PyCharm 2025.1\bin;;C:\Program Files\JetBrains\IntelliJ IDEA 2025.1.3\bin;;C:\Users\prabhath\AppData\Roaming\npm;C:\Users\prabhath\AppData\Local\Programs\Microsoft VS Code\bin;;C:\Program Files\Java\jdk-24\bin
Check launcher:	C:\Program Files (x86)\Microsoft SDKs\Azure\CLI2\wbin\bin\javaw.exe (not found)
Check launcher:	C:\Program Files\Common Files\Oracle\Java\javapath\bin\javaw.exe (not found)
Check launcher:	C:\Program Files (x86)\Common Files\Oracle\Java\java8path\bin\javaw.exe (not found)
Check launcher:	C:\Program Files (x86)\Common Files\Oracle\Java\javapath\bin\javaw.exe (not found)
Check launcher:	C:\WINDOWS\system32\bin\javaw.exe (not found)
Check launcher:	C:\WINDOWS\bin\javaw.exe (not found)
Check launcher:	C:\WINDOWS\System32\Wbem\bin\javaw.exe (not found)
Check launcher:	C:\WINDOWS\System32\WindowsPowerShell\v1.0\bin\javaw.exe (not found)
Check launcher:	C:\WINDOWS\System32\OpenSSH\bin\javaw.exe (not found)
Check launcher:	C:\Program Files\Git\cmd\bin\javaw.exe (not found)
Check launcher:	C:\Program Files\CodeBlocks\MinGW\bin\javaw.exe (not found)
Check launcher:	C:\Program Files\Java\jdk-24\bin\javaw.exe (OK)
Version string: 1.024.000_001 / 64-Bit (OK)
Launcher:	C:\Program Files\Java\jdk-24\bin\javaw.exe
Launcher args:	-jar "D:\Semaster 1.2\SWT12031 - p.oop\swing\employeeMangementSystem\out\artifacts\employeeMangementSystem_jar\spothub.exe"
Args length:	123/32768 chars
Exit code:	0


Version:	3.50
CmdLine:	D:\Semaster 1.2\SWT12031 - p.oop\swing\employeeMangementSystem\out\artifacts\employeeMangementSystem_jar\spothub.exe --l4j-debug
JNI:		No
WOW64:		Yes
Working dir:	D:\Semaster 1.2\SWT12031 - p.oop\swing\employeeMangementSystem\out\artifacts\employeeMangementSystem_jar\.
Requires JDK:	No
Requires 64-Bit: No
Java min ver:	1.024.000_001
Java max ver:	
Substitute:	JAVA_HOME = 
Substitute:	PATH = C:\Program Files (x86)\Microsoft SDKs\Azure\CLI2\wbin;C:\Program Files\Common Files\Oracle\Java\javapath;C:\Program Files (x86)\Common Files\Oracle\Java\java8path;C:\Program Files (x86)\Common Files\Oracle\Java\javapath;C:\WINDOWS\system32;C:\WINDOWS;C:\WINDOWS\System32\Wbem;C:\WINDOWS\System32\WindowsPowerShell\v1.0\;C:\WINDOWS\System32\OpenSSH\;C:\Program Files\Git\cmd;C:\Program Files\CodeBlocks\MinGW\bin;C:\Program Files\Java\jdk-24\bin;C:\Program Files\nodejs\;C:\Program Files\dotnet\;C:\Program Files\MySQL\MySQL Shell 8.0\bin\;C:\Users\prabhath\AppData\Local\Programs\Python\Python313\Scripts\;C:\Users\prabhath\AppData\Local\Programs\Python\Python313\;C:\Users\prabhath\AppData\Local\Programs\Python\Launcher\;C:\Users\prabhath\AppData\Local\Microsoft\WindowsApps;C:\Program Files\JetBrains\PyCharm Community Edition 2024.3.1.1\bin;;C:\gcc-14.2.0-no-debug\bin;C:\Program Files\CodeBlocks\MinGW\bin;C:\MinGW\bin;C:\Program Files\JetBrains\PyCharm 2025.1\bin;;C:\Program Files\JetBrains\IntelliJ IDEA 2025.1.3\bin;;C:\Users\prabhath\AppData\Roaming\npm;C:\Users\prabhath\AppData\Local\Programs\Microsoft VS Code\bin;;C:\Program Files\Java\jdk-24\bin
JRE paths:	;C:\Program Files (x86)\Microsoft SDKs\Azure\CLI2\wbin;C:\Program Files\Common Files\Oracle\Java\javapath;C:\Program Files (x86)\Common Files\Oracle\Java\java8path;C:\Program Files (x86)\Common Files\Oracle\Java\javapath;C:\WINDOWS\system32;C:\WINDOWS;C:\WINDOWS\System32\Wbem;C:\WINDOWS\System32\WindowsPowerShell\v1.0\;C:\WINDOWS\System32\OpenSSH\;C:\Program Files\Git\cmd;C:\Program Files\CodeBlocks\MinGW\bin;C:\Program Files\Java\jdk-24\bin;C:\Program Files\nodejs\;C:\Program Files\dotnet\;C:\Program Files\MySQL\MySQL Shell 8.0\bin\;C:\Users\prabhath\AppData\Local\Programs\Python\Python313\Scripts\;C:\Users\prabhath\AppData\Local\Programs\Python\Python313\;C:\Users\prabhath\AppData\Local\Programs\Python\Launcher\;C:\Users\prabhath\AppData\Local\Microsoft\WindowsApps;C:\Program Files\JetBrains\PyCharm Community Edition 2024.3.1.1\bin;;C:\gcc-14.2.0-no-debug\bin;C:\Program Files\CodeBlocks\MinGW\bin;C:\MinGW\bin;C:\Program Files\JetBrains\PyCharm 2025.1\bin;;C:\Program Files\JetBrains\IntelliJ IDEA 2025.1.3\bin;;C:\Users\prabhath\AppData\Roaming\npm;C:\Users\prabhath\AppData\Local\Programs\Microsoft VS Code\bin;;C:\Program Files\Java\jdk-24\bin
Check launcher:	C:\Program Files (x86)\Microsoft SDKs\Azure\CLI2\wbin\bin\javaw.exe (not found)
Check launcher:	C:\Program Files\Common Files\Oracle\Java\javapath\bin\javaw.exe (not found)
Check launcher:	C:\Program Files (x86)\Common Files\Oracle\Java\java8path\bin\javaw.exe (not found)
Check launcher:	C:\Program Files (x86)\Common Files\Oracle\Java\javapath\bin\javaw.exe (not found)
Check launcher:	C:\WINDOWS\system32\bin\javaw.exe (not found)
Check launcher:	C:\WINDOWS\bin\javaw.exe (not found)
Check launcher:	C:\WINDOWS\System32\Wbem\bin\javaw.exe (not found)
Check launcher:	C:\WINDOWS\System32\WindowsPowerShell\v1.0\bin\javaw.exe (not found)
Check launcher:	C:\WINDOWS\System32\OpenSSH\bin\javaw.exe (not found)
Check launcher:	C:\Program Files\Git\cmd\bin\javaw.exe (not found)
Check launcher:	C:\Program Files\CodeBlocks\MinGW\bin\javaw.exe (not found)
Check launcher:	C:\Program Files\Java\jdk-24\bin\javaw.exe (OK)
Version string: 1.024.000_001 / 64-Bit (OK)
Launcher:	C:\Program Files\Java\jdk-24\bin\javaw.exe
Launcher args:	-jar "D:\Semaster 1.2\SWT12031 - p.oop\swing\employeeMangementSystem\out\artifacts\employeeMangementSystem_jar\spothub.exe"
Args length:	123/32768 chars
Exit code:	0


Version:	3.50
CmdLine:	D:\Semaster 1.2\SWT12031 - p.oop\swing\employeeMangementSystem\out\artifacts\employeeMangementSystem_jar\spothub.exe --l4j-debug
JNI:		No
WOW64:		Yes
Working dir:	D:\Semaster 1.2\SWT12031 - p.oop\swing\employeeMangementSystem\out\artifacts\employeeMangementSystem_jar\.
Requires JDK:	No
Requires 64-Bit: No
Java min ver:	1.024.000_001
Java max ver:	
Substitute:	JAVA_HOME = 
Substitute:	PATH = C:\Program Files (x86)\Microsoft SDKs\Azure\CLI2\wbin;C:\Program Files\Common Files\Oracle\Java\javapath;C:\Program Files (x86)\Common Files\Oracle\Java\java8path;C:\Program Files (x86)\Common Files\Oracle\Java\javapath;C:\WINDOWS\system32;C:\WINDOWS;C:\WINDOWS\System32\Wbem;C:\WINDOWS\System32\WindowsPowerShell\v1.0\;C:\WINDOWS\System32\OpenSSH\;C:\Program Files\Git\cmd;C:\Program Files\CodeBlocks\MinGW\bin;C:\Program Files\Java\jdk-24\bin;C:\Program Files\nodejs\;C:\Program Files\dotnet\;C:\Program Files\MySQL\MySQL Shell 8.0\bin\;C:\Users\prabhath\AppData\Local\Programs\Python\Python313\Scripts\;C:\Users\prabhath\AppData\Local\Programs\Python\Python313\;C:\Users\prabhath\AppData\Local\Programs\Python\Launcher\;C:\Users\prabhath\AppData\Local\Microsoft\WindowsApps;C:\Program Files\JetBrains\PyCharm Community Edition 2024.3.1.1\bin;;C:\gcc-14.2.0-no-debug\bin;C:\Program Files\CodeBlocks\MinGW\bin;C:\MinGW\bin;C:\Program Files\JetBrains\PyCharm 2025.1\bin;;C:\Program Files\JetBrains\IntelliJ IDEA 2025.1.3\bin;;C:\Users\prabhath\AppData\Roaming\npm;C:\Users\prabhath\AppData\Local\Programs\Microsoft VS Code\bin;;C:\Program Files\Java\jdk-24\bin
JRE paths:	;C:\Program Files (x86)\Microsoft SDKs\Azure\CLI2\wbin;C:\Program Files\Common Files\Oracle\Java\javapath;C:\Program Files (x86)\Common Files\Oracle\Java\java8path;C:\Program Files (x86)\Common Files\Oracle\Java\javapath;C:\WINDOWS\system32;C:\WINDOWS;C:\WINDOWS\System32\Wbem;C:\WINDOWS\System32\WindowsPowerShell\v1.0\;C:\WINDOWS\System32\OpenSSH\;C:\Program Files\Git\cmd;C:\Program Files\CodeBlocks\MinGW\bin;C:\Program Files\Java\jdk-24\bin;C:\Program Files\nodejs\;C:\Program Files\dotnet\;C:\Program Files\MySQL\MySQL Shell 8.0\bin\;C:\Users\prabhath\AppData\Local\Programs\Python\Python313\Scripts\;C:\Users\prabhath\AppData\Local\Programs\Python\Python313\;C:\Users\prabhath\AppData\Local\Programs\Python\Launcher\;C:\Users\prabhath\AppData\Local\Microsoft\WindowsApps;C:\Program Files\JetBrains\PyCharm Community Edition 2024.3.1.1\bin;;C:\gcc-14.2.0-no-debug\bin;C:\Program Files\CodeBlocks\MinGW\bin;C:\MinGW\bin;C:\Program Files\JetBrains\PyCharm 2025.1\bin;;C:\Program Files\JetBrains\IntelliJ IDEA 2025.1.3\bin;;C:\Users\prabhath\AppData\Roaming\npm;C:\Users\prabhath\AppData\Local\Programs\Microsoft VS Code\bin;;C:\Program Files\Java\jdk-24\bin
Check launcher:	C:\Program Files (x86)\Microsoft SDKs\Azure\CLI2\wbin\bin\javaw.exe (not found)
Check launcher:	C:\Program Files\Common Files\Oracle\Java\javapath\bin\javaw.exe (not found)
Check launcher:	C:\Program Files (x86)\Common Files\Oracle\Java\java8path\bin\javaw.exe (not found)
Check launcher:	C:\Program Files (x86)\Common Files\Oracle\Java\javapath\bin\javaw.exe (not found)
Check launcher:	C:\WINDOWS\system32\bin\javaw.exe (not found)
Check launcher:	C:\WINDOWS\bin\javaw.exe (not found)
Check launcher:	C:\WINDOWS\System32\Wbem\bin\javaw.exe (not found)
Check launcher:	C:\WINDOWS\System32\WindowsPowerShell\v1.0\bin\javaw.exe (not found)
Check launcher:	C:\WINDOWS\System32\OpenSSH\bin\javaw.exe (not found)
Check launcher:	C:\Program Files\Git\cmd\bin\javaw.exe (not found)
Check launcher:	C:\Program Files\CodeBlocks\MinGW\bin\javaw.exe (not found)
Check launcher:	C:\Program Files\Java\jdk-24\bin\javaw.exe (OK)
Version string: 1.024.000_001 / 64-Bit (OK)
Launcher:	C:\Program Files\Java\jdk-24\bin\javaw.exe
Launcher args:	-jar "D:\Semaster 1.2\SWT12031 - p.oop\swing\employeeMangementSystem\out\artifacts\employeeMangementSystem_jar\spothub.exe"
Args length:	123/32768 chars
Exit code:	0


Version:	3.50
CmdLine:	D:\Semaster 1.2\SWT12031 - p.oop\swing\employeeMangementSystem\out\artifacts\employeeMangementSystem_jar\spothub.exe --l4j-debug
JNI:		No
WOW64:		Yes
Working dir:	D:\Semaster 1.2\SWT12031 - p.oop\swing\employeeMangementSystem\out\artifacts\employeeMangementSystem_jar\.
Requires JDK:	No
Requires 64-Bit: No
Java min ver:	1.024.000_001
Java max ver:	
Substitute:	JAVA_HOME = 
Substitute:	PATH = C:\Program Files (x86)\Microsoft SDKs\Azure\CLI2\wbin;C:\Program Files\Common Files\Oracle\Java\javapath;C:\Program Files (x86)\Common Files\Oracle\Java\java8path;C:\Program Files (x86)\Common Files\Oracle\Java\javapath;C:\WINDOWS\system32;C:\WINDOWS;C:\WINDOWS\System32\Wbem;C:\WINDOWS\System32\WindowsPowerShell\v1.0\;C:\WINDOWS\System32\OpenSSH\;C:\Program Files\Git\cmd;C:\Program Files\CodeBlocks\MinGW\bin;C:\Program Files\Java\jdk-24\bin;C:\Program Files\nodejs\;C:\Program Files\dotnet\;C:\Program Files\MySQL\MySQL Shell 8.0\bin\;C:\Users\prabhath\AppData\Local\Programs\Python\Python313\Scripts\;C:\Users\prabhath\AppData\Local\Programs\Python\Python313\;C:\Users\prabhath\AppData\Local\Programs\Python\Launcher\;C:\Users\prabhath\AppData\Local\Microsoft\WindowsApps;C:\Program Files\JetBrains\PyCharm Community Edition 2024.3.1.1\bin;;C:\gcc-14.2.0-no-debug\bin;C:\Program Files\CodeBlocks\MinGW\bin;C:\MinGW\bin;C:\Program Files\JetBrains\PyCharm 2025.1\bin;;C:\Program Files\JetBrains\IntelliJ IDEA 2025.1.3\bin;;C:\Users\prabhath\AppData\Roaming\npm;C:\Users\prabhath\AppData\Local\Programs\Microsoft VS Code\bin;;C:\Program Files\Java\jdk-24\bin
JRE paths:	;C:\Program Files (x86)\Microsoft SDKs\Azure\CLI2\wbin;C:\Program Files\Common Files\Oracle\Java\javapath;C:\Program Files (x86)\Common Files\Oracle\Java\java8path;C:\Program Files (x86)\Common Files\Oracle\Java\javapath;C:\WINDOWS\system32;C:\WINDOWS;C:\WINDOWS\System32\Wbem;C:\WINDOWS\System32\WindowsPowerShell\v1.0\;C:\WINDOWS\System32\OpenSSH\;C:\Program Files\Git\cmd;C:\Program Files\CodeBlocks\MinGW\bin;C:\Program Files\Java\jdk-24\bin;C:\Program Files\nodejs\;C:\Program Files\dotnet\;C:\Program Files\MySQL\MySQL Shell 8.0\bin\;C:\Users\prabhath\AppData\Local\Programs\Python\Python313\Scripts\;C:\Users\prabhath\AppData\Local\Programs\Python\Python313\;C:\Users\prabhath\AppData\Local\Programs\Python\Launcher\;C:\Users\prabhath\AppData\Local\Microsoft\WindowsApps;C:\Program Files\JetBrains\PyCharm Community Edition 2024.3.1.1\bin;;C:\gcc-14.2.0-no-debug\bin;C:\Program Files\CodeBlocks\MinGW\bin;C:\MinGW\bin;C:\Program Files\JetBrains\PyCharm 2025.1\bin;;C:\Program Files\JetBrains\IntelliJ IDEA 2025.1.3\bin;;C:\Users\prabhath\AppData\Roaming\npm;C:\Users\prabhath\AppData\Local\Programs\Microsoft VS Code\bin;;C:\Program Files\Java\jdk-24\bin
Check launcher:	C:\Program Files (x86)\Microsoft SDKs\Azure\CLI2\wbin\bin\javaw.exe (not found)
Check launcher:	C:\Program Files\Common Files\Oracle\Java\javapath\bin\javaw.exe (not found)
Check launcher:	C:\Program Files (x86)\Common Files\Oracle\Java\java8path\bin\javaw.exe (not found)
Check launcher:	C:\Program Files (x86)\Common Files\Oracle\Java\javapath\bin\javaw.exe (not found)
Check launcher:	C:\WINDOWS\system32\bin\javaw.exe (not found)
Check launcher:	C:\WINDOWS\bin\javaw.exe (not found)
Check launcher:	C:\WINDOWS\System32\Wbem\bin\javaw.exe (not found)
Check launcher:	C:\WINDOWS\System32\WindowsPowerShell\v1.0\bin\javaw.exe (not found)
Check launcher:	C:\WINDOWS\System32\OpenSSH\bin\javaw.exe (not found)
Check launcher:	C:\Program Files\Git\cmd\bin\javaw.exe (not found)
Check launcher:	C:\Program Files\CodeBlocks\MinGW\bin\javaw.exe (not found)
Check launcher:	C:\Program Files\Java\jdk-24\bin\javaw.exe (OK)
Version string: 1.024.000_001 / 64-Bit (OK)
Launcher:	C:\Program Files\Java\jdk-24\bin\javaw.exe
Launcher args:	-jar "D:\Semaster 1.2\SWT12031 - p.oop\swing\employeeMangementSystem\out\artifacts\employeeMangementSystem_jar\spothub.exe"
Args length:	123/32768 chars
Exit code:	0


Version:	3.50
CmdLine:	D:\Semaster 1.2\SWT12031 - p.oop\swing\employeeMangementSystem\out\artifacts\employeeMangementSystem_jar\spothub.exe --l4j-debug
JNI:		No
WOW64:		Yes
Working dir:	D:\Semaster 1.2\SWT12031 - p.oop\swing\employeeMangementSystem\out\artifacts\employeeMangementSystem_jar\.
Requires JDK:	No
Requires 64-Bit: No
Java min ver:	1.024.000_001
Java max ver:	
Substitute:	JAVA_HOME = 
Substitute:	PATH = C:\Program Files (x86)\Microsoft SDKs\Azure\CLI2\wbin;C:\Program Files\Common Files\Oracle\Java\javapath;C:\Program Files (x86)\Common Files\Oracle\Java\java8path;C:\Program Files (x86)\Common Files\Oracle\Java\javapath;C:\WINDOWS\system32;C:\WINDOWS;C:\WINDOWS\System32\Wbem;C:\WINDOWS\System32\WindowsPowerShell\v1.0\;C:\WINDOWS\System32\OpenSSH\;C:\Program Files\Git\cmd;C:\Program Files\CodeBlocks\MinGW\bin;C:\Program Files\Java\jdk-24\bin;C:\Program Files\nodejs\;C:\Program Files\dotnet\;C:\Program Files\MySQL\MySQL Shell 8.0\bin\;C:\Users\prabhath\AppData\Local\Programs\Python\Python313\Scripts\;C:\Users\prabhath\AppData\Local\Programs\Python\Python313\;C:\Users\prabhath\AppData\Local\Programs\Python\Launcher\;C:\Users\prabhath\AppData\Local\Microsoft\WindowsApps;C:\Program Files\JetBrains\PyCharm Community Edition 2024.3.1.1\bin;;C:\gcc-14.2.0-no-debug\bin;C:\Program Files\CodeBlocks\MinGW\bin;C:\MinGW\bin;C:\Program Files\JetBrains\PyCharm 2025.1\bin;;C:\Program Files\JetBrains\IntelliJ IDEA 2025.1.3\bin;;C:\Users\prabhath\AppData\Roaming\npm;C:\Users\prabhath\AppData\Local\Programs\Microsoft VS Code\bin;;C:\Program Files\Java\jdk-24\bin
JRE paths:	;C:\Program Files (x86)\Microsoft SDKs\Azure\CLI2\wbin;C:\Program Files\Common Files\Oracle\Java\javapath;C:\Program Files (x86)\Common Files\Oracle\Java\java8path;C:\Program Files (x86)\Common Files\Oracle\Java\javapath;C:\WINDOWS\system32;C:\WINDOWS;C:\WINDOWS\System32\Wbem;C:\WINDOWS\System32\WindowsPowerShell\v1.0\;C:\WINDOWS\System32\OpenSSH\;C:\Program Files\Git\cmd;C:\Program Files\CodeBlocks\MinGW\bin;C:\Program Files\Java\jdk-24\bin;C:\Program Files\nodejs\;C:\Program Files\dotnet\;C:\Program Files\MySQL\MySQL Shell 8.0\bin\;C:\Users\prabhath\AppData\Local\Programs\Python\Python313\Scripts\;C:\Users\prabhath\AppData\Local\Programs\Python\Python313\;C:\Users\prabhath\AppData\Local\Programs\Python\Launcher\;C:\Users\prabhath\AppData\Local\Microsoft\WindowsApps;C:\Program Files\JetBrains\PyCharm Community Edition 2024.3.1.1\bin;;C:\gcc-14.2.0-no-debug\bin;C:\Program Files\CodeBlocks\MinGW\bin;C:\MinGW\bin;C:\Program Files\JetBrains\PyCharm 2025.1\bin;;C:\Program Files\JetBrains\IntelliJ IDEA 2025.1.3\bin;;C:\Users\prabhath\AppData\Roaming\npm;C:\Users\prabhath\AppData\Local\Programs\Microsoft VS Code\bin;;C:\Program Files\Java\jdk-24\bin
Check launcher:	C:\Program Files (x86)\Microsoft SDKs\Azure\CLI2\wbin\bin\javaw.exe (not found)
Check launcher:	C:\Program Files\Common Files\Oracle\Java\javapath\bin\javaw.exe (not found)
Check launcher:	C:\Program Files (x86)\Common Files\Oracle\Java\java8path\bin\javaw.exe (not found)
Check launcher:	C:\Program Files (x86)\Common Files\Oracle\Java\javapath\bin\javaw.exe (not found)
Check launcher:	C:\WINDOWS\system32\bin\javaw.exe (not found)
Check launcher:	C:\WINDOWS\bin\javaw.exe (not found)
Check launcher:	C:\WINDOWS\System32\Wbem\bin\javaw.exe (not found)
Check launcher:	C:\WINDOWS\System32\WindowsPowerShell\v1.0\bin\javaw.exe (not found)
Check launcher:	C:\WINDOWS\System32\OpenSSH\bin\javaw.exe (not found)
Check launcher:	C:\Program Files\Git\cmd\bin\javaw.exe (not found)
Check launcher:	C:\Program Files\CodeBlocks\MinGW\bin\javaw.exe (not found)
Check launcher:	C:\Program Files\Java\jdk-24\bin\javaw.exe (OK)
Version string: 1.024.000_001 / 64-Bit (OK)
Launcher:	C:\Program Files\Java\jdk-24\bin\javaw.exe
Launcher args:	-jar "D:\Semaster 1.2\SWT12031 - p.oop\swing\employeeMangementSystem\out\artifacts\employeeMangementSystem_jar\spothub.exe"
Args length:	123/32768 chars
Exit code:	0


Version:	3.50
CmdLine:	D:\Semaster 1.2\SWT12031 - p.oop\swing\employeeMangementSystem\out\artifacts\employeeMangementSystem_jar\spothub.exe --l4j-debug
JNI:		No
WOW64:		Yes
Working dir:	D:\Semaster 1.2\SWT12031 - p.oop\swing\employeeMangementSystem\out\artifacts\employeeMangementSystem_jar\.
Requires JDK:	No
Requires 64-Bit: No
Java min ver:	1.024.000_001
Java max ver:	
Substitute:	JAVA_HOME = 
Substitute:	PATH = C:\Program Files (x86)\Microsoft SDKs\Azure\CLI2\wbin;C:\Program Files\Common Files\Oracle\Java\javapath;C:\Program Files (x86)\Common Files\Oracle\Java\java8path;C:\Program Files (x86)\Common Files\Oracle\Java\javapath;C:\WINDOWS\system32;C:\WINDOWS;C:\WINDOWS\System32\Wbem;C:\WINDOWS\System32\WindowsPowerShell\v1.0\;C:\WINDOWS\System32\OpenSSH\;C:\Program Files\Git\cmd;C:\Program Files\CodeBlocks\MinGW\bin;C:\Program Files\Java\jdk-24\bin;C:\Program Files\nodejs\;C:\Program Files\dotnet\;C:\Program Files\MySQL\MySQL Shell 8.0\bin\;C:\Users\prabhath\AppData\Local\Programs\Python\Python313\Scripts\;C:\Users\prabhath\AppData\Local\Programs\Python\Python313\;C:\Users\prabhath\AppData\Local\Programs\Python\Launcher\;C:\Users\prabhath\AppData\Local\Microsoft\WindowsApps;C:\Program Files\JetBrains\PyCharm Community Edition 2024.3.1.1\bin;;C:\gcc-14.2.0-no-debug\bin;C:\Program Files\CodeBlocks\MinGW\bin;C:\MinGW\bin;C:\Program Files\JetBrains\PyCharm 2025.1\bin;;C:\Program Files\JetBrains\IntelliJ IDEA 2025.1.3\bin;;C:\Users\prabhath\AppData\Roaming\npm;C:\Users\prabhath\AppData\Local\Programs\Microsoft VS Code\bin;;C:\Program Files\Java\jdk-24\bin
JRE paths:	;C:\Program Files (x86)\Microsoft SDKs\Azure\CLI2\wbin;C:\Program Files\Common Files\Oracle\Java\javapath;C:\Program Files (x86)\Common Files\Oracle\Java\java8path;C:\Program Files (x86)\Common Files\Oracle\Java\javapath;C:\WINDOWS\system32;C:\WINDOWS;C:\WINDOWS\System32\Wbem;C:\WINDOWS\System32\WindowsPowerShell\v1.0\;C:\WINDOWS\System32\OpenSSH\;C:\Program Files\Git\cmd;C:\Program Files\CodeBlocks\MinGW\bin;C:\Program Files\Java\jdk-24\bin;C:\Program Files\nodejs\;C:\Program Files\dotnet\;C:\Program Files\MySQL\MySQL Shell 8.0\bin\;C:\Users\prabhath\AppData\Local\Programs\Python\Python313\Scripts\;C:\Users\prabhath\AppData\Local\Programs\Python\Python313\;C:\Users\prabhath\AppData\Local\Programs\Python\Launcher\;C:\Users\prabhath\AppData\Local\Microsoft\WindowsApps;C:\Program Files\JetBrains\PyCharm Community Edition 2024.3.1.1\bin;;C:\gcc-14.2.0-no-debug\bin;C:\Program Files\CodeBlocks\MinGW\bin;C:\MinGW\bin;C:\Program Files\JetBrains\PyCharm 2025.1\bin;;C:\Program Files\JetBrains\IntelliJ IDEA 2025.1.3\bin;;C:\Users\prabhath\AppData\Roaming\npm;C:\Users\prabhath\AppData\Local\Programs\Microsoft VS Code\bin;;C:\Program Files\Java\jdk-24\bin
Check launcher:	C:\Program Files (x86)\Microsoft SDKs\Azure\CLI2\wbin\bin\javaw.exe (not found)
Check launcher:	C:\Program Files\Common Files\Oracle\Java\javapath\bin\javaw.exe (not found)
Check launcher:	C:\Program Files (x86)\Common Files\Oracle\Java\java8path\bin\javaw.exe (not found)
Check launcher:	C:\Program Files (x86)\Common Files\Oracle\Java\javapath\bin\javaw.exe (not found)
Check launcher:	C:\WINDOWS\system32\bin\javaw.exe (not found)
Check launcher:	C:\WINDOWS\bin\javaw.exe (not found)
Check launcher:	C:\WINDOWS\System32\Wbem\bin\javaw.exe (not found)
Check launcher:	C:\WINDOWS\System32\WindowsPowerShell\v1.0\bin\javaw.exe (not found)
Check launcher:	C:\WINDOWS\System32\OpenSSH\bin\javaw.exe (not found)
Check launcher:	C:\Program Files\Git\cmd\bin\javaw.exe (not found)
Check launcher:	C:\Program Files\CodeBlocks\MinGW\bin\javaw.exe (not found)
Check launcher:	C:\Program Files\Java\jdk-24\bin\javaw.exe (OK)
Version string: 1.024.000_001 / 64-Bit (OK)
Launcher:	C:\Program Files\Java\jdk-24\bin\javaw.exe
Launcher args:	-jar "D:\Semaster 1.2\SWT12031 - p.oop\swing\employeeMangementSystem\out\artifacts\employeeMangementSystem_jar\spothub.exe"
Args length:	123/32768 chars
Exit code:	0


Version:	3.50
CmdLine:	D:\Semaster 1.2\SWT12031 - p.oop\swing\employeeMangementSystem\out\artifacts\employeeMangementSystem_jar\spothub.exe --l4j-debug
JNI:		No
WOW64:		Yes
Working dir:	D:\Semaster 1.2\SWT12031 - p.oop\swing\employeeMangementSystem\out\artifacts\employeeMangementSystem_jar\.
Requires JDK:	No
Requires 64-Bit: No
Java min ver:	1.024.000_001
Java max ver:	
Substitute:	JAVA_HOME = 
Substitute:	PATH = C:\Program Files (x86)\Microsoft SDKs\Azure\CLI2\wbin;C:\Program Files\Common Files\Oracle\Java\javapath;C:\Program Files (x86)\Common Files\Oracle\Java\java8path;C:\Program Files (x86)\Common Files\Oracle\Java\javapath;C:\WINDOWS\system32;C:\WINDOWS;C:\WINDOWS\System32\Wbem;C:\WINDOWS\System32\WindowsPowerShell\v1.0\;C:\WINDOWS\System32\OpenSSH\;C:\Program Files\Git\cmd;C:\Program Files\CodeBlocks\MinGW\bin;C:\Program Files\Java\jdk-24\bin;C:\Program Files\nodejs\;C:\Program Files\dotnet\;C:\Program Files\MySQL\MySQL Shell 8.0\bin\;C:\Users\prabhath\AppData\Local\Programs\Python\Python313\Scripts\;C:\Users\prabhath\AppData\Local\Programs\Python\Python313\;C:\Users\prabhath\AppData\Local\Programs\Python\Launcher\;C:\Users\prabhath\AppData\Local\Microsoft\WindowsApps;C:\Program Files\JetBrains\PyCharm Community Edition 2024.3.1.1\bin;;C:\gcc-14.2.0-no-debug\bin;C:\Program Files\CodeBlocks\MinGW\bin;C:\MinGW\bin;C:\Program Files\JetBrains\PyCharm 2025.1\bin;;C:\Program Files\JetBrains\IntelliJ IDEA 2025.1.3\bin;;C:\Users\prabhath\AppData\Roaming\npm;C:\Users\prabhath\AppData\Local\Programs\Microsoft VS Code\bin;;C:\Program Files\Java\jdk-24\bin
JRE paths:	;C:\Program Files (x86)\Microsoft SDKs\Azure\CLI2\wbin;C:\Program Files\Common Files\Oracle\Java\javapath;C:\Program Files (x86)\Common Files\Oracle\Java\java8path;C:\Program Files (x86)\Common Files\Oracle\Java\javapath;C:\WINDOWS\system32;C:\WINDOWS;C:\WINDOWS\System32\Wbem;C:\WINDOWS\System32\WindowsPowerShell\v1.0\;C:\WINDOWS\System32\OpenSSH\;C:\Program Files\Git\cmd;C:\Program Files\CodeBlocks\MinGW\bin;C:\Program Files\Java\jdk-24\bin;C:\Program Files\nodejs\;C:\Program Files\dotnet\;C:\Program Files\MySQL\MySQL Shell 8.0\bin\;C:\Users\prabhath\AppData\Local\Programs\Python\Python313\Scripts\;C:\Users\prabhath\AppData\Local\Programs\Python\Python313\;C:\Users\prabhath\AppData\Local\Programs\Python\Launcher\;C:\Users\prabhath\AppData\Local\Microsoft\WindowsApps;C:\Program Files\JetBrains\PyCharm Community Edition 2024.3.1.1\bin;;C:\gcc-14.2.0-no-debug\bin;C:\Program Files\CodeBlocks\MinGW\bin;C:\MinGW\bin;C:\Program Files\JetBrains\PyCharm 2025.1\bin;;C:\Program Files\JetBrains\IntelliJ IDEA 2025.1.3\bin;;C:\Users\prabhath\AppData\Roaming\npm;C:\Users\prabhath\AppData\Local\Programs\Microsoft VS Code\bin;;C:\Program Files\Java\jdk-24\bin
Check launcher:	C:\Program Files (x86)\Microsoft SDKs\Azure\CLI2\wbin\bin\javaw.exe (not found)
Check launcher:	C:\Program Files\Common Files\Oracle\Java\javapath\bin\javaw.exe (not found)
Check launcher:	C:\Program Files (x86)\Common Files\Oracle\Java\java8path\bin\javaw.exe (not found)
Check launcher:	C:\Program Files (x86)\Common Files\Oracle\Java\javapath\bin\javaw.exe (not found)
Check launcher:	C:\WINDOWS\system32\bin\javaw.exe (not found)
Check launcher:	C:\WINDOWS\bin\javaw.exe (not found)
Check launcher:	C:\WINDOWS\System32\Wbem\bin\javaw.exe (not found)
Check launcher:	C:\WINDOWS\System32\WindowsPowerShell\v1.0\bin\javaw.exe (not found)
Check launcher:	C:\WINDOWS\System32\OpenSSH\bin\javaw.exe (not found)
Check launcher:	C:\Program Files\Git\cmd\bin\javaw.exe (not found)
Check launcher:	C:\Program Files\CodeBlocks\MinGW\bin\javaw.exe (not found)
Check launcher:	C:\Program Files\Java\jdk-24\bin\javaw.exe (OK)
Version string: 1.024.000_001 / 64-Bit (OK)
Launcher:	C:\Program Files\Java\jdk-24\bin\javaw.exe
Launcher args:	-jar "D:\Semaster 1.2\SWT12031 - p.oop\swing\employeeMangementSystem\out\artifacts\employeeMangementSystem_jar\spothub.exe"
Args length:	123/32768 chars
Exit code:	0


Version:	3.50
CmdLine:	D:\Semaster 1.2\SWT12031 - p.oop\swing\employeeMangementSystem\out\artifacts\employeeMangementSystem_jar\spothub.exe --l4j-debug
JNI:		No
WOW64:		Yes
Working dir:	D:\Semaster 1.2\SWT12031 - p.oop\swing\employeeMangementSystem\out\artifacts\employeeMangementSystem_jar\.
Requires JDK:	No
Requires 64-Bit: No
Java min ver:	1.024.000_001
Java max ver:	
Substitute:	JAVA_HOME = 
Substitute:	PATH = C:\Program Files (x86)\Microsoft SDKs\Azure\CLI2\wbin;C:\Program Files\Common Files\Oracle\Java\javapath;C:\Program Files (x86)\Common Files\Oracle\Java\java8path;C:\Program Files (x86)\Common Files\Oracle\Java\javapath;C:\WINDOWS\system32;C:\WINDOWS;C:\WINDOWS\System32\Wbem;C:\WINDOWS\System32\WindowsPowerShell\v1.0\;C:\WINDOWS\System32\OpenSSH\;C:\Program Files\Git\cmd;C:\Program Files\CodeBlocks\MinGW\bin;C:\Program Files\Java\jdk-24\bin;C:\Program Files\nodejs\;C:\Program Files\dotnet\;C:\Program Files\MySQL\MySQL Shell 8.0\bin\;C:\Users\prabhath\AppData\Local\Programs\Python\Python313\Scripts\;C:\Users\prabhath\AppData\Local\Programs\Python\Python313\;C:\Users\prabhath\AppData\Local\Programs\Python\Launcher\;C:\Users\prabhath\AppData\Local\Microsoft\WindowsApps;C:\Program Files\JetBrains\PyCharm Community Edition 2024.3.1.1\bin;;C:\gcc-14.2.0-no-debug\bin;C:\Program Files\CodeBlocks\MinGW\bin;C:\MinGW\bin;C:\Program Files\JetBrains\PyCharm 2025.1\bin;;C:\Program Files\JetBrains\IntelliJ IDEA 2025.1.3\bin;;C:\Users\prabhath\AppData\Roaming\npm;C:\Users\prabhath\AppData\Local\Programs\Microsoft VS Code\bin;;C:\Program Files\Java\jdk-24\bin
JRE paths:	;C:\Program Files (x86)\Microsoft SDKs\Azure\CLI2\wbin;C:\Program Files\Common Files\Oracle\Java\javapath;C:\Program Files (x86)\Common Files\Oracle\Java\java8path;C:\Program Files (x86)\Common Files\Oracle\Java\javapath;C:\WINDOWS\system32;C:\WINDOWS;C:\WINDOWS\System32\Wbem;C:\WINDOWS\System32\WindowsPowerShell\v1.0\;C:\WINDOWS\System32\OpenSSH\;C:\Program Files\Git\cmd;C:\Program Files\CodeBlocks\MinGW\bin;C:\Program Files\Java\jdk-24\bin;C:\Program Files\nodejs\;C:\Program Files\dotnet\;C:\Program Files\MySQL\MySQL Shell 8.0\bin\;C:\Users\prabhath\AppData\Local\Programs\Python\Python313\Scripts\;C:\Users\prabhath\AppData\Local\Programs\Python\Python313\;C:\Users\prabhath\AppData\Local\Programs\Python\Launcher\;C:\Users\prabhath\AppData\Local\Microsoft\WindowsApps;C:\Program Files\JetBrains\PyCharm Community Edition 2024.3.1.1\bin;;C:\gcc-14.2.0-no-debug\bin;C:\Program Files\CodeBlocks\MinGW\bin;C:\MinGW\bin;C:\Program Files\JetBrains\PyCharm 2025.1\bin;;C:\Program Files\JetBrains\IntelliJ IDEA 2025.1.3\bin;;C:\Users\prabhath\AppData\Roaming\npm;C:\Users\prabhath\AppData\Local\Programs\Microsoft VS Code\bin;;C:\Program Files\Java\jdk-24\bin
Check launcher:	C:\Program Files (x86)\Microsoft SDKs\Azure\CLI2\wbin\bin\javaw.exe (not found)
Check launcher:	C:\Program Files\Common Files\Oracle\Java\javapath\bin\javaw.exe (not found)
Check launcher:	C:\Program Files (x86)\Common Files\Oracle\Java\java8path\bin\javaw.exe (not found)
Check launcher:	C:\Program Files (x86)\Common Files\Oracle\Java\javapath\bin\javaw.exe (not found)
Check launcher:	C:\WINDOWS\system32\bin\javaw.exe (not found)
Check launcher:	C:\WINDOWS\bin\javaw.exe (not found)
Check launcher:	C:\WINDOWS\System32\Wbem\bin\javaw.exe (not found)
Check launcher:	C:\WINDOWS\System32\WindowsPowerShell\v1.0\bin\javaw.exe (not found)
Check launcher:	C:\WINDOWS\System32\OpenSSH\bin\javaw.exe (not found)
Check launcher:	C:\Program Files\Git\cmd\bin\javaw.exe (not found)
Check launcher:	C:\Program Files\CodeBlocks\MinGW\bin\javaw.exe (not found)
Check launcher:	C:\Program Files\Java\jdk-24\bin\javaw.exe (OK)
Version string: 1.024.000_001 / 64-Bit (OK)
Launcher:	C:\Program Files\Java\jdk-24\bin\javaw.exe
Launcher args:	-jar "D:\Semaster 1.2\SWT12031 - p.oop\swing\employeeMangementSystem\out\artifacts\employeeMangementSystem_jar\spothub.exe"
Args length:	123/32768 chars
Exit code:	0


Version:	3.50
CmdLine:	D:\Semaster 1.2\SWT12031 - p.oop\swing\employeeMangementSystem\out\artifacts\employeeMangementSystem_jar\spothub.exe --l4j-debug
JNI:		No
WOW64:		Yes
Working dir:	D:\Semaster 1.2\SWT12031 - p.oop\swing\employeeMangementSystem\out\artifacts\employeeMangementSystem_jar\.
Requires JDK:	No
Requires 64-Bit: No
Java min ver:	1.024.000_001
Java max ver:	
Substitute:	JAVA_HOME = 
Substitute:	PATH = C:\Program Files (x86)\Microsoft SDKs\Azure\CLI2\wbin;C:\Program Files\Common Files\Oracle\Java\javapath;C:\Program Files (x86)\Common Files\Oracle\Java\java8path;C:\Program Files (x86)\Common Files\Oracle\Java\javapath;C:\WINDOWS\system32;C:\WINDOWS;C:\WINDOWS\System32\Wbem;C:\WINDOWS\System32\WindowsPowerShell\v1.0\;C:\WINDOWS\System32\OpenSSH\;C:\Program Files\Git\cmd;C:\Program Files\CodeBlocks\MinGW\bin;C:\Program Files\Java\jdk-24\bin;C:\Program Files\nodejs\;C:\Program Files\dotnet\;C:\Program Files\MySQL\MySQL Shell 8.0\bin\;C:\Users\prabhath\AppData\Local\Programs\Python\Python313\Scripts\;C:\Users\prabhath\AppData\Local\Programs\Python\Python313\;C:\Users\prabhath\AppData\Local\Programs\Python\Launcher\;C:\Users\prabhath\AppData\Local\Microsoft\WindowsApps;C:\Program Files\JetBrains\PyCharm Community Edition 2024.3.1.1\bin;;C:\gcc-14.2.0-no-debug\bin;C:\Program Files\CodeBlocks\MinGW\bin;C:\MinGW\bin;C:\Program Files\JetBrains\PyCharm 2025.1\bin;;C:\Program Files\JetBrains\IntelliJ IDEA 2025.1.3\bin;;C:\Users\prabhath\AppData\Roaming\npm;C:\Users\prabhath\AppData\Local\Programs\Microsoft VS Code\bin;;C:\Program Files\Java\jdk-24\bin
JRE paths:	;C:\Program Files (x86)\Microsoft SDKs\Azure\CLI2\wbin;C:\Program Files\Common Files\Oracle\Java\javapath;C:\Program Files (x86)\Common Files\Oracle\Java\java8path;C:\Program Files (x86)\Common Files\Oracle\Java\javapath;C:\WINDOWS\system32;C:\WINDOWS;C:\WINDOWS\System32\Wbem;C:\WINDOWS\System32\WindowsPowerShell\v1.0\;C:\WINDOWS\System32\OpenSSH\;C:\Program Files\Git\cmd;C:\Program Files\CodeBlocks\MinGW\bin;C:\Program Files\Java\jdk-24\bin;C:\Program Files\nodejs\;C:\Program Files\dotnet\;C:\Program Files\MySQL\MySQL Shell 8.0\bin\;C:\Users\prabhath\AppData\Local\Programs\Python\Python313\Scripts\;C:\Users\prabhath\AppData\Local\Programs\Python\Python313\;C:\Users\prabhath\AppData\Local\Programs\Python\Launcher\;C:\Users\prabhath\AppData\Local\Microsoft\WindowsApps;C:\Program Files\JetBrains\PyCharm Community Edition 2024.3.1.1\bin;;C:\gcc-14.2.0-no-debug\bin;C:\Program Files\CodeBlocks\MinGW\bin;C:\MinGW\bin;C:\Program Files\JetBrains\PyCharm 2025.1\bin;;C:\Program Files\JetBrains\IntelliJ IDEA 2025.1.3\bin;;C:\Users\prabhath\AppData\Roaming\npm;C:\Users\prabhath\AppData\Local\Programs\Microsoft VS Code\bin;;C:\Program Files\Java\jdk-24\bin
Check launcher:	C:\Program Files (x86)\Microsoft SDKs\Azure\CLI2\wbin\bin\javaw.exe (not found)
Check launcher:	C:\Program Files\Common Files\Oracle\Java\javapath\bin\javaw.exe (not found)
Check launcher:	C:\Program Files (x86)\Common Files\Oracle\Java\java8path\bin\javaw.exe (not found)
Check launcher:	C:\Program Files (x86)\Common Files\Oracle\Java\javapath\bin\javaw.exe (not found)
Check launcher:	C:\WINDOWS\system32\bin\javaw.exe (not found)
Check launcher:	C:\WINDOWS\bin\javaw.exe (not found)
Check launcher:	C:\WINDOWS\System32\Wbem\bin\javaw.exe (not found)
Check launcher:	C:\WINDOWS\System32\WindowsPowerShell\v1.0\bin\javaw.exe (not found)
Check launcher:	C:\WINDOWS\System32\OpenSSH\bin\javaw.exe (not found)
Check launcher:	C:\Program Files\Git\cmd\bin\javaw.exe (not found)
Check launcher:	C:\Program Files\CodeBlocks\MinGW\bin\javaw.exe (not found)
Check launcher:	C:\Program Files\Java\jdk-24\bin\javaw.exe (OK)
Version string: 1.024.000_001 / 64-Bit (OK)
Launcher:	C:\Program Files\Java\jdk-24\bin\javaw.exe
Launcher args:	-jar "D:\Semaster 1.2\SWT12031 - p.oop\swing\employeeMangementSystem\out\artifacts\employeeMangementSystem_jar\spothub.exe"
Args length:	123/32768 chars
Exit code:	0


Version:	3.50
CmdLine:	D:\Semaster 1.2\SWT12031 - p.oop\swing\employeeMangementSystem\out\artifacts\employeeMangementSystem_jar\spothub.exe --l4j-debug
JNI:		No
WOW64:		Yes
Working dir:	D:\Semaster 1.2\SWT12031 - p.oop\swing\employeeMangementSystem\out\artifacts\employeeMangementSystem_jar\.
Requires JDK:	No
Requires 64-Bit: No
Java min ver:	1.024.000_001
Java max ver:	
Substitute:	JAVA_HOME = 
Substitute:	PATH = C:\Program Files (x86)\Microsoft SDKs\Azure\CLI2\wbin;C:\Program Files\Common Files\Oracle\Java\javapath;C:\Program Files (x86)\Common Files\Oracle\Java\java8path;C:\Program Files (x86)\Common Files\Oracle\Java\javapath;C:\WINDOWS\system32;C:\WINDOWS;C:\WINDOWS\System32\Wbem;C:\WINDOWS\System32\WindowsPowerShell\v1.0\;C:\WINDOWS\System32\OpenSSH\;C:\Program Files\Git\cmd;C:\Program Files\CodeBlocks\MinGW\bin;C:\Program Files\Java\jdk-24\bin;C:\Program Files\nodejs\;C:\Program Files\dotnet\;C:\Program Files\MySQL\MySQL Shell 8.0\bin\;C:\Users\prabhath\AppData\Local\Programs\Python\Python313\Scripts\;C:\Users\prabhath\AppData\Local\Programs\Python\Python313\;C:\Users\prabhath\AppData\Local\Programs\Python\Launcher\;C:\Users\prabhath\AppData\Local\Microsoft\WindowsApps;C:\Program Files\JetBrains\PyCharm Community Edition 2024.3.1.1\bin;;C:\gcc-14.2.0-no-debug\bin;C:\Program Files\CodeBlocks\MinGW\bin;C:\MinGW\bin;C:\Program Files\JetBrains\PyCharm 2025.1\bin;;C:\Program Files\JetBrains\IntelliJ IDEA 2025.1.3\bin;;C:\Users\prabhath\AppData\Roaming\npm;C:\Users\prabhath\AppData\Local\Programs\Microsoft VS Code\bin;;C:\Program Files\Java\jdk-24\bin
JRE paths:	;C:\Program Files (x86)\Microsoft SDKs\Azure\CLI2\wbin;C:\Program Files\Common Files\Oracle\Java\javapath;C:\Program Files (x86)\Common Files\Oracle\Java\java8path;C:\Program Files (x86)\Common Files\Oracle\Java\javapath;C:\WINDOWS\system32;C:\WINDOWS;C:\WINDOWS\System32\Wbem;C:\WINDOWS\System32\WindowsPowerShell\v1.0\;C:\WINDOWS\System32\OpenSSH\;C:\Program Files\Git\cmd;C:\Program Files\CodeBlocks\MinGW\bin;C:\Program Files\Java\jdk-24\bin;C:\Program Files\nodejs\;C:\Program Files\dotnet\;C:\Program Files\MySQL\MySQL Shell 8.0\bin\;C:\Users\prabhath\AppData\Local\Programs\Python\Python313\Scripts\;C:\Users\prabhath\AppData\Local\Programs\Python\Python313\;C:\Users\prabhath\AppData\Local\Programs\Python\Launcher\;C:\Users\prabhath\AppData\Local\Microsoft\WindowsApps;C:\Program Files\JetBrains\PyCharm Community Edition 2024.3.1.1\bin;;C:\gcc-14.2.0-no-debug\bin;C:\Program Files\CodeBlocks\MinGW\bin;C:\MinGW\bin;C:\Program Files\JetBrains\PyCharm 2025.1\bin;;C:\Program Files\JetBrains\IntelliJ IDEA 2025.1.3\bin;;C:\Users\prabhath\AppData\Roaming\npm;C:\Users\prabhath\AppData\Local\Programs\Microsoft VS Code\bin;;C:\Program Files\Java\jdk-24\bin
Check launcher:	C:\Program Files (x86)\Microsoft SDKs\Azure\CLI2\wbin\bin\javaw.exe (not found)
Check launcher:	C:\Program Files\Common Files\Oracle\Java\javapath\bin\javaw.exe (not found)
Check launcher:	C:\Program Files (x86)\Common Files\Oracle\Java\java8path\bin\javaw.exe (not found)
Check launcher:	C:\Program Files (x86)\Common Files\Oracle\Java\javapath\bin\javaw.exe (not found)
Check launcher:	C:\WINDOWS\system32\bin\javaw.exe (not found)
Check launcher:	C:\WINDOWS\bin\javaw.exe (not found)
Check launcher:	C:\WINDOWS\System32\Wbem\bin\javaw.exe (not found)
Check launcher:	C:\WINDOWS\System32\WindowsPowerShell\v1.0\bin\javaw.exe (not found)
Check launcher:	C:\WINDOWS\System32\OpenSSH\bin\javaw.exe (not found)
Check launcher:	C:\Program Files\Git\cmd\bin\javaw.exe (not found)
Check launcher:	C:\Program Files\CodeBlocks\MinGW\bin\javaw.exe (not found)
Check launcher:	C:\Program Files\Java\jdk-24\bin\javaw.exe (OK)
Version string: 1.024.000_001 / 64-Bit (OK)
Launcher:	C:\Program Files\Java\jdk-24\bin\javaw.exe
Launcher args:	-jar "D:\Semaster 1.2\SWT12031 - p.oop\swing\employeeMangementSystem\out\artifacts\employeeMangementSystem_jar\spothub.exe"
Args length:	123/32768 chars
Exit code:	0


Version:	3.50
CmdLine:	D:\Semaster 1.2\SWT12031 - p.oop\swing\employeeMangementSystem\out\artifacts\employeeMangementSystem_jar\spothub.exe --l4j-debug
JNI:		No
WOW64:		Yes
Working dir:	D:\Semaster 1.2\SWT12031 - p.oop\swing\employeeMangementSystem\out\artifacts\employeeMangementSystem_jar\.
Requires JDK:	No
Requires 64-Bit: No
Java min ver:	1.024.000_001
Java max ver:	
Substitute:	JAVA_HOME = 
Substitute:	PATH = C:\Program Files (x86)\Microsoft SDKs\Azure\CLI2\wbin;C:\Program Files\Common Files\Oracle\Java\javapath;C:\Program Files (x86)\Common Files\Oracle\Java\java8path;C:\Program Files (x86)\Common Files\Oracle\Java\javapath;C:\WINDOWS\system32;C:\WINDOWS;C:\WINDOWS\System32\Wbem;C:\WINDOWS\System32\WindowsPowerShell\v1.0\;C:\WINDOWS\System32\OpenSSH\;C:\Program Files\Git\cmd;C:\Program Files\CodeBlocks\MinGW\bin;C:\Program Files\Java\jdk-24\bin;C:\Program Files\nodejs\;C:\Program Files\dotnet\;C:\Program Files\MySQL\MySQL Shell 8.0\bin\;C:\Users\prabhath\AppData\Local\Programs\Python\Python313\Scripts\;C:\Users\prabhath\AppData\Local\Programs\Python\Python313\;C:\Users\prabhath\AppData\Local\Programs\Python\Launcher\;C:\Users\prabhath\AppData\Local\Microsoft\WindowsApps;C:\Program Files\JetBrains\PyCharm Community Edition 2024.3.1.1\bin;;C:\gcc-14.2.0-no-debug\bin;C:\Program Files\CodeBlocks\MinGW\bin;C:\MinGW\bin;C:\Program Files\JetBrains\PyCharm 2025.1\bin;;C:\Program Files\JetBrains\IntelliJ IDEA 2025.1.3\bin;;C:\Users\prabhath\AppData\Roaming\npm;C:\Users\prabhath\AppData\Local\Programs\Microsoft VS Code\bin;;C:\Program Files\Java\jdk-24\bin
JRE paths:	;C:\Program Files (x86)\Microsoft SDKs\Azure\CLI2\wbin;C:\Program Files\Common Files\Oracle\Java\javapath;C:\Program Files (x86)\Common Files\Oracle\Java\java8path;C:\Program Files (x86)\Common Files\Oracle\Java\javapath;C:\WINDOWS\system32;C:\WINDOWS;C:\WINDOWS\System32\Wbem;C:\WINDOWS\System32\WindowsPowerShell\v1.0\;C:\WINDOWS\System32\OpenSSH\;C:\Program Files\Git\cmd;C:\Program Files\CodeBlocks\MinGW\bin;C:\Program Files\Java\jdk-24\bin;C:\Program Files\nodejs\;C:\Program Files\dotnet\;C:\Program Files\MySQL\MySQL Shell 8.0\bin\;C:\Users\prabhath\AppData\Local\Programs\Python\Python313\Scripts\;C:\Users\prabhath\AppData\Local\Programs\Python\Python313\;C:\Users\prabhath\AppData\Local\Programs\Python\Launcher\;C:\Users\prabhath\AppData\Local\Microsoft\WindowsApps;C:\Program Files\JetBrains\PyCharm Community Edition 2024.3.1.1\bin;;C:\gcc-14.2.0-no-debug\bin;C:\Program Files\CodeBlocks\MinGW\bin;C:\MinGW\bin;C:\Program Files\JetBrains\PyCharm 2025.1\bin;;C:\Program Files\JetBrains\IntelliJ IDEA 2025.1.3\bin;;C:\Users\prabhath\AppData\Roaming\npm;C:\Users\prabhath\AppData\Local\Programs\Microsoft VS Code\bin;;C:\Program Files\Java\jdk-24\bin
Check launcher:	C:\Program Files (x86)\Microsoft SDKs\Azure\CLI2\wbin\bin\javaw.exe (not found)
Check launcher:	C:\Program Files\Common Files\Oracle\Java\javapath\bin\javaw.exe (not found)
Check launcher:	C:\Program Files (x86)\Common Files\Oracle\Java\java8path\bin\javaw.exe (not found)
Check launcher:	C:\Program Files (x86)\Common Files\Oracle\Java\javapath\bin\javaw.exe (not found)
Check launcher:	C:\WINDOWS\system32\bin\javaw.exe (not found)
Check launcher:	C:\WINDOWS\bin\javaw.exe (not found)
Check launcher:	C:\WINDOWS\System32\Wbem\bin\javaw.exe (not found)
Check launcher:	C:\WINDOWS\System32\WindowsPowerShell\v1.0\bin\javaw.exe (not found)
Check launcher:	C:\WINDOWS\System32\OpenSSH\bin\javaw.exe (not found)
Check launcher:	C:\Program Files\Git\cmd\bin\javaw.exe (not found)
Check launcher:	C:\Program Files\CodeBlocks\MinGW\bin\javaw.exe (not found)
Check launcher:	C:\Program Files\Java\jdk-24\bin\javaw.exe (OK)
Version string: 1.024.000_001 / 64-Bit (OK)
Launcher:	C:\Program Files\Java\jdk-24\bin\javaw.exe
Launcher args:	-jar "D:\Semaster 1.2\SWT12031 - p.oop\swing\employeeMangementSystem\out\artifacts\employeeMangementSystem_jar\spothub.exe"
Args length:	123/32768 chars
Exit code:	0


Version:	3.50
CmdLine:	D:\Semaster 1.2\SWT12031 - p.oop\swing\employeeMangementSystem\out\artifacts\employeeMangementSystem_jar\spothub.exe --l4j-debug
JNI:		No
WOW64:		Yes
Working dir:	D:\Semaster 1.2\SWT12031 - p.oop\swing\employeeMangementSystem\out\artifacts\employeeMangementSystem_jar\.
Requires JDK:	No
Requires 64-Bit: No
Java min ver:	1.024.000_001
Java max ver:	
Substitute:	JAVA_HOME = 
Substitute:	PATH = C:\Program Files (x86)\Microsoft SDKs\Azure\CLI2\wbin;C:\Program Files\Common Files\Oracle\Java\javapath;C:\Program Files (x86)\Common Files\Oracle\Java\java8path;C:\Program Files (x86)\Common Files\Oracle\Java\javapath;C:\WINDOWS\system32;C:\WINDOWS;C:\WINDOWS\System32\Wbem;C:\WINDOWS\System32\WindowsPowerShell\v1.0\;C:\WINDOWS\System32\OpenSSH\;C:\Program Files\Git\cmd;C:\Program Files\CodeBlocks\MinGW\bin;C:\Program Files\Java\jdk-24\bin;C:\Program Files\nodejs\;C:\Program Files\dotnet\;C:\Program Files\MySQL\MySQL Shell 8.0\bin\;C:\Users\prabhath\AppData\Local\Programs\Python\Python313\Scripts\;C:\Users\prabhath\AppData\Local\Programs\Python\Python313\;C:\Users\prabhath\AppData\Local\Programs\Python\Launcher\;C:\Users\prabhath\AppData\Local\Microsoft\WindowsApps;C:\Program Files\JetBrains\PyCharm Community Edition 2024.3.1.1\bin;;C:\gcc-14.2.0-no-debug\bin;C:\Program Files\CodeBlocks\MinGW\bin;C:\MinGW\bin;C:\Program Files\JetBrains\PyCharm 2025.1\bin;;C:\Program Files\JetBrains\IntelliJ IDEA 2025.1.3\bin;;C:\Users\prabhath\AppData\Roaming\npm;C:\Users\prabhath\AppData\Local\Programs\Microsoft VS Code\bin;;C:\Program Files\Java\jdk-24\bin
JRE paths:	;C:\Program Files (x86)\Microsoft SDKs\Azure\CLI2\wbin;C:\Program Files\Common Files\Oracle\Java\javapath;C:\Program Files (x86)\Common Files\Oracle\Java\java8path;C:\Program Files (x86)\Common Files\Oracle\Java\javapath;C:\WINDOWS\system32;C:\WINDOWS;C:\WINDOWS\System32\Wbem;C:\WINDOWS\System32\WindowsPowerShell\v1.0\;C:\WINDOWS\System32\OpenSSH\;C:\Program Files\Git\cmd;C:\Program Files\CodeBlocks\MinGW\bin;C:\Program Files\Java\jdk-24\bin;C:\Program Files\nodejs\;C:\Program Files\dotnet\;C:\Program Files\MySQL\MySQL Shell 8.0\bin\;C:\Users\prabhath\AppData\Local\Programs\Python\Python313\Scripts\;C:\Users\prabhath\AppData\Local\Programs\Python\Python313\;C:\Users\prabhath\AppData\Local\Programs\Python\Launcher\;C:\Users\prabhath\AppData\Local\Microsoft\WindowsApps;C:\Program Files\JetBrains\PyCharm Community Edition 2024.3.1.1\bin;;C:\gcc-14.2.0-no-debug\bin;C:\Program Files\CodeBlocks\MinGW\bin;C:\MinGW\bin;C:\Program Files\JetBrains\PyCharm 2025.1\bin;;C:\Program Files\JetBrains\IntelliJ IDEA 2025.1.3\bin;;C:\Users\prabhath\AppData\Roaming\npm;C:\Users\prabhath\AppData\Local\Programs\Microsoft VS Code\bin;;C:\Program Files\Java\jdk-24\bin
Check launcher:	C:\Program Files (x86)\Microsoft SDKs\Azure\CLI2\wbin\bin\javaw.exe (not found)
Check launcher:	C:\Program Files\Common Files\Oracle\Java\javapath\bin\javaw.exe (not found)
Check launcher:	C:\Program Files (x86)\Common Files\Oracle\Java\java8path\bin\javaw.exe (not found)
Check launcher:	C:\Program Files (x86)\Common Files\Oracle\Java\javapath\bin\javaw.exe (not found)
Check launcher:	C:\WINDOWS\system32\bin\javaw.exe (not found)
Check launcher:	C:\WINDOWS\bin\javaw.exe (not found)
Check launcher:	C:\WINDOWS\System32\Wbem\bin\javaw.exe (not found)
Check launcher:	C:\WINDOWS\System32\WindowsPowerShell\v1.0\bin\javaw.exe (not found)
Check launcher:	C:\WINDOWS\System32\OpenSSH\bin\javaw.exe (not found)
Check launcher:	C:\Program Files\Git\cmd\bin\javaw.exe (not found)
Check launcher:	C:\Program Files\CodeBlocks\MinGW\bin\javaw.exe (not found)
Check launcher:	C:\Program Files\Java\jdk-24\bin\javaw.exe (OK)
Version string: 1.024.000_001 / 64-Bit (OK)
Launcher:	C:\Program Files\Java\jdk-24\bin\javaw.exe
Launcher args:	-jar "D:\Semaster 1.2\SWT12031 - p.oop\swing\employeeMangementSystem\out\artifacts\employeeMangementSystem_jar\spothub.exe"
Args length:	123/32768 chars
Exit code:	0


Version:	3.50
CmdLine:	D:\Semaster 1.2\SWT12031 - p.oop\swing\employeeMangementSystem\out\artifacts\employeeMangementSystem_jar\spothub.exe --l4j-debug
JNI:		No
WOW64:		Yes
Working dir:	D:\Semaster 1.2\SWT12031 - p.oop\swing\employeeMangementSystem\out\artifacts\employeeMangementSystem_jar\.
Requires JDK:	No
Requires 64-Bit: No
Java min ver:	1.024.000_001
Java max ver:	
Substitute:	JAVA_HOME = 
Substitute:	PATH = C:\Program Files (x86)\Microsoft SDKs\Azure\CLI2\wbin;C:\Program Files\Common Files\Oracle\Java\javapath;C:\Program Files (x86)\Common Files\Oracle\Java\java8path;C:\Program Files (x86)\Common Files\Oracle\Java\javapath;C:\WINDOWS\system32;C:\WINDOWS;C:\WINDOWS\System32\Wbem;C:\WINDOWS\System32\WindowsPowerShell\v1.0\;C:\WINDOWS\System32\OpenSSH\;C:\Program Files\Git\cmd;C:\Program Files\CodeBlocks\MinGW\bin;C:\Program Files\Java\jdk-24\bin;C:\Program Files\nodejs\;C:\Program Files\dotnet\;C:\Program Files\MySQL\MySQL Shell 8.0\bin\;C:\Users\prabhath\AppData\Local\Programs\Python\Python313\Scripts\;C:\Users\prabhath\AppData\Local\Programs\Python\Python313\;C:\Users\prabhath\AppData\Local\Programs\Python\Launcher\;C:\Users\prabhath\AppData\Local\Microsoft\WindowsApps;C:\Program Files\JetBrains\PyCharm Community Edition 2024.3.1.1\bin;;C:\gcc-14.2.0-no-debug\bin;C:\Program Files\CodeBlocks\MinGW\bin;C:\MinGW\bin;C:\Program Files\JetBrains\PyCharm 2025.1\bin;;C:\Program Files\JetBrains\IntelliJ IDEA 2025.1.3\bin;;C:\Users\prabhath\AppData\Roaming\npm;C:\Users\prabhath\AppData\Local\Programs\Microsoft VS Code\bin;;C:\Program Files\Java\jdk-24\bin
JRE paths:	;C:\Program Files (x86)\Microsoft SDKs\Azure\CLI2\wbin;C:\Program Files\Common Files\Oracle\Java\javapath;C:\Program Files (x86)\Common Files\Oracle\Java\java8path;C:\Program Files (x86)\Common Files\Oracle\Java\javapath;C:\WINDOWS\system32;C:\WINDOWS;C:\WINDOWS\System32\Wbem;C:\WINDOWS\System32\WindowsPowerShell\v1.0\;C:\WINDOWS\System32\OpenSSH\;C:\Program Files\Git\cmd;C:\Program Files\CodeBlocks\MinGW\bin;C:\Program Files\Java\jdk-24\bin;C:\Program Files\nodejs\;C:\Program Files\dotnet\;C:\Program Files\MySQL\MySQL Shell 8.0\bin\;C:\Users\prabhath\AppData\Local\Programs\Python\Python313\Scripts\;C:\Users\prabhath\AppData\Local\Programs\Python\Python313\;C:\Users\prabhath\AppData\Local\Programs\Python\Launcher\;C:\Users\prabhath\AppData\Local\Microsoft\WindowsApps;C:\Program Files\JetBrains\PyCharm Community Edition 2024.3.1.1\bin;;C:\gcc-14.2.0-no-debug\bin;C:\Program Files\CodeBlocks\MinGW\bin;C:\MinGW\bin;C:\Program Files\JetBrains\PyCharm 2025.1\bin;;C:\Program Files\JetBrains\IntelliJ IDEA 2025.1.3\bin;;C:\Users\prabhath\AppData\Roaming\npm;C:\Users\prabhath\AppData\Local\Programs\Microsoft VS Code\bin;;C:\Program Files\Java\jdk-24\bin
Check launcher:	C:\Program Files (x86)\Microsoft SDKs\Azure\CLI2\wbin\bin\javaw.exe (not found)
Check launcher:	C:\Program Files\Common Files\Oracle\Java\javapath\bin\javaw.exe (not found)
Check launcher:	C:\Program Files (x86)\Common Files\Oracle\Java\java8path\bin\javaw.exe (not found)
Check launcher:	C:\Program Files (x86)\Common Files\Oracle\Java\javapath\bin\javaw.exe (not found)
Check launcher:	C:\WINDOWS\system32\bin\javaw.exe (not found)
Check launcher:	C:\WINDOWS\bin\javaw.exe (not found)
Check launcher:	C:\WINDOWS\System32\Wbem\bin\javaw.exe (not found)
Check launcher:	C:\WINDOWS\System32\WindowsPowerShell\v1.0\bin\javaw.exe (not found)
Check launcher:	C:\WINDOWS\System32\OpenSSH\bin\javaw.exe (not found)
Check launcher:	C:\Program Files\Git\cmd\bin\javaw.exe (not found)
Check launcher:	C:\Program Files\CodeBlocks\MinGW\bin\javaw.exe (not found)
Check launcher:	C:\Program Files\Java\jdk-24\bin\javaw.exe (OK)
Version string: 1.024.000_001 / 64-Bit (OK)
Launcher:	C:\Program Files\Java\jdk-24\bin\javaw.exe
Launcher args:	-jar "D:\Semaster 1.2\SWT12031 - p.oop\swing\employeeMangementSystem\out\artifacts\employeeMangementSystem_jar\spothub.exe"
Args length:	123/32768 chars
Exit code:	0
